2026-04-22 13:49:50,783 [INFO] Activator:176 - 


2026-04-22 13:49:50,785 [INFO] Activator:177 - !SESSION log4j initialized
2026-04-22 13:49:53,749 [INFO] LogOutputStream:77 - [STDOUT_REDIRECT] 
2026-04-22 13:49:56,047 [INFO] ApplicationProperties:184 - Using Application install path: C:\ST\STM32CubeIDE_1.19.0\STM32CubeIDE\plugins\com.st.stm32cube.common.mx_6.15.0.202507011659
2026-04-22 13:49:56,074 [INFO] DbMcusXml:78 - Set database path to: C:\ST\STM32CubeIDE_1.19.0\STM32CubeIDE\plugins\com.st.stm32cube.common.mx_6.15.0.202507011659\\db\/mcu/
2026-04-22 13:49:56,075 [INFO] ApiDb:274 - Set plugin database path to: C:\ST\STM32CubeIDE_1.19.0\STM32CubeIDE\plugins\com.st.stm32cube.common.mx_6.15.0.202507011659\\db\/plugins/boardmanager/
2026-04-22 13:49:56,076 [WARN] ApiDb:259 - Overriding images path with different value:  => C:\ST\STM32CubeIDE_1.19.0\STM32CubeIDE\plugins\com.st.stm32cube.common.mx_6.15.0.202507011659\\db\/plugins/mcufinder/images/
2026-04-22 13:49:56,088 [INFO] ApiDb:250 - Set database path to: C:\Users\marin\.stmcufinder\plugins\mcufinder//mcu/
2026-04-22 13:49:56,090 [INFO] DbMcusAds:125 - Set database path to: C:\Users\marin\.stmcufinder\plugins\mcufinder//mcu/
2026-04-22 13:49:56,093 [INFO] CrossReferenceDbSqlite:203 - Set database path to: C:\Users\marin\.stmcufinder\plugins\mcufinder//mcu/cs/
2026-04-22 13:49:56,254 [INFO] RulesReader:64 - Compatibility file has been processed (317 Rules)
2026-04-22 13:49:56,361 [INFO] DbMcusXml:78 - Set database path to: C:\ST\STM32CubeIDE_1.19.0\STM32CubeIDE\plugins\com.st.stm32cube.common.mx_6.15.0.202507011659\\db\/mcu/
2026-04-22 13:49:56,361 [INFO] ApiDb:274 - Set plugin database path to: C:\ST\STM32CubeIDE_1.19.0\STM32CubeIDE\plugins\com.st.stm32cube.common.mx_6.15.0.202507011659\\db\/plugins/boardmanager/
2026-04-22 13:49:56,361 [INFO] ApiDb:261 - Set plugin images path to: C:\ST\STM32CubeIDE_1.19.0\STM32CubeIDE\plugins\com.st.stm32cube.common.mx_6.15.0.202507011659\\db\/plugins/mcufinder/images/
2026-04-22 13:49:56,361 [WARN] DbFile:41 - Overriding database path with different value: C:\Users\marin\.stmcufinder\plugins\mcufinder/ => C:\Users\marin\.stmcufinder\plugins\mcufinder
2026-04-22 13:49:56,362 [INFO] ApiDb:250 - Set database path to: C:\Users\marin\.stmcufinder\plugins\mcufinder//mcu/
2026-04-22 13:49:56,362 [WARN] DbFile:41 - Overriding database path with different value: C:\Users\marin\.stmcufinder\plugins\mcufinder/ => C:\Users\marin\.stmcufinder\plugins\mcufinder
2026-04-22 13:49:56,362 [INFO] DbMcusAds:125 - Set database path to: C:\Users\marin\.stmcufinder\plugins\mcufinder//mcu/
2026-04-22 13:49:56,362 [WARN] DbFile:41 - Overriding database path with different value: C:\Users\marin\.stmcufinder\plugins\mcufinder/ => C:\Users\marin\.stmcufinder\plugins\mcufinder
2026-04-22 13:49:56,362 [WARN] DbFile:41 - Overriding database path with different value: C:\Users\marin\.stmcufinder\plugins\mcufinder/ => C:\Users\marin\.stmcufinder\plugins\mcufinder
2026-04-22 13:49:56,362 [INFO] CrossReferenceDbSqlite:203 - Set database path to: C:\Users\marin\.stmcufinder\plugins\mcufinder//mcu/cs/
2026-04-22 13:49:56,480 [INFO] MainPanel:274 - HeapMemory: 268435456
2026-04-22 13:49:56,657 [INFO] DbMcusXml:78 - Set database path to: C:\ST\STM32CubeIDE_1.19.0\STM32CubeIDE\plugins\com.st.stm32cube.common.mx_6.15.0.202507011659\\db\/mcu/
2026-04-22 13:49:56,658 [INFO] ApiDb:274 - Set plugin database path to: C:\ST\STM32CubeIDE_1.19.0\STM32CubeIDE\plugins\com.st.stm32cube.common.mx_6.15.0.202507011659\\db\/plugins/boardmanager/
2026-04-22 13:49:56,658 [INFO] ApiDb:261 - Set plugin images path to: C:\ST\STM32CubeIDE_1.19.0\STM32CubeIDE\plugins\com.st.stm32cube.common.mx_6.15.0.202507011659\\db\/plugins/mcufinder/images/
2026-04-22 13:49:56,658 [WARN] DbFile:41 - Overriding database path with different value: C:\Users\marin\.stmcufinder\plugins\mcufinder/ => C:\Users\marin\.stmcufinder\plugins\mcufinder
2026-04-22 13:49:56,658 [INFO] ApiDb:250 - Set database path to: C:\Users\marin\.stmcufinder\plugins\mcufinder//mcu/
2026-04-22 13:49:56,658 [WARN] DbFile:41 - Overriding database path with different value: C:\Users\marin\.stmcufinder\plugins\mcufinder/ => C:\Users\marin\.stmcufinder\plugins\mcufinder
2026-04-22 13:49:56,658 [INFO] DbMcusAds:125 - Set database path to: C:\Users\marin\.stmcufinder\plugins\mcufinder//mcu/
2026-04-22 13:49:56,659 [WARN] DbFile:41 - Overriding database path with different value: C:\Users\marin\.stmcufinder\plugins\mcufinder/ => C:\Users\marin\.stmcufinder\plugins\mcufinder
2026-04-22 13:49:56,659 [WARN] DbFile:41 - Overriding database path with different value: C:\Users\marin\.stmcufinder\plugins\mcufinder/ => C:\Users\marin\.stmcufinder\plugins\mcufinder
2026-04-22 13:49:56,659 [INFO] CrossReferenceDbSqlite:203 - Set database path to: C:\Users\marin\.stmcufinder\plugins\mcufinder//mcu/cs/
2026-04-22 13:49:56,682 [INFO] ApplicationProperties:184 - Using Application install path: C:\ST\STM32CubeIDE_1.19.0\STM32CubeIDE\plugins\com.st.stm32cube.common.mx_6.15.0.202507011659
2026-04-22 13:49:56,684 [INFO] PluginManage:196 - Search for loadable plugins [exclusion list=, ]
2026-04-22 13:49:56,686 [INFO] PluginManage:310 - Check plugin analytics
2026-04-22 13:49:56,941 [INFO] AnalyticsPlugin:253 - Accepted Software Licenses: 
2026-04-22 13:49:56,941 [INFO] AnalyticsPlugin:255 - Accepted CMSIS Pack Licenses: 
2026-04-22 13:49:56,942 [INFO] AnalyticsPlugin:257 - Accepted Firmware Licenses: 
2026-04-22 13:49:56,953 [INFO] PluginManage:359 - Loaded plugin analytics (category:tool,tabindex:-1)
2026-04-22 13:49:56,956 [INFO] PluginManage:310 - Check plugin cadmodel
2026-04-22 13:49:56,972 [INFO] CADModel:105 - Init CAD model plugin
2026-04-22 13:49:56,972 [INFO] PluginManage:359 - Loaded plugin cadmodel (category:power,tabindex:5)
2026-04-22 13:49:56,973 [INFO] PluginManage:310 - Check plugin clock
2026-04-22 13:49:57,033 [INFO] PluginManage:359 - Loaded plugin clock (category:base,tabindex:2)
2026-04-22 13:49:57,034 [INFO] PluginManage:310 - Check plugin ddr
2026-04-22 13:49:57,038 [INFO] PluginManage:359 - Loaded plugin ddr (category:tool,tabindex:6)
2026-04-22 13:49:57,038 [INFO] PluginManage:310 - Check plugin filemanager
2026-04-22 13:49:57,329 [INFO] PluginManage:359 - Loaded plugin filemanager (category:base,tabindex:10)
2026-04-22 13:49:57,330 [INFO] PluginManage:310 - Check plugin ipmanager
2026-04-22 13:49:57,343 [INFO] PluginManage:359 - Loaded plugin ipmanager (category:base,tabindex:5)
2026-04-22 13:49:57,343 [INFO] PluginManage:310 - Check plugin lpbam
2026-04-22 13:49:57,357 [INFO] PluginManage:359 - Loaded plugin lpbam (category:base,tabindex:0)
2026-04-22 13:49:57,357 [INFO] PluginManage:310 - Check plugin memorymap
2026-04-22 13:49:57,381 [INFO] PluginManage:359 - Loaded plugin memorymap (category:base,tabindex:4)
2026-04-22 13:49:57,381 [INFO] PluginManage:310 - Check plugin pinoutandconfiguration
2026-04-22 13:49:57,396 [INFO] PluginManage:359 - Loaded plugin pinoutandconfiguration (category:base,tabindex:1)
2026-04-22 13:49:57,396 [INFO] PluginManage:310 - Check plugin pinoutconfig
2026-04-22 13:49:57,519 [WARN] SupportedApi:132 - Cannot load RTOS API schema: s4s-elt-must-match.1: The content of 'definitions' must match (annotation?, (simpleType | complexType)?, (unique | key | keyref)*)). A problem was found starting at: attribute.
2026-04-22 13:49:57,721 [INFO] PluginManage:359 - Loaded plugin pinoutconfig (category:base,tabindex:0)
2026-04-22 13:49:57,721 [INFO] PluginManage:310 - Check plugin power
2026-04-22 13:49:57,735 [INFO] PluginManage:359 - Loaded plugin power (category:power,tabindex:4)
2026-04-22 13:49:57,735 [INFO] PluginManage:310 - Check plugin projectmanager
2026-04-22 13:49:57,756 [INFO] PluginManage:359 - Loaded plugin projectmanager (category:projectmanager,tabindex:4)
2026-04-22 13:49:57,758 [INFO] PluginManage:310 - Check plugin rif
2026-04-22 13:49:57,771 [INFO] PluginManage:359 - Loaded plugin rif (category:base,tabindex:3)
2026-04-22 13:49:57,772 [INFO] PluginManage:310 - Check plugin thirdparty
2026-04-22 13:49:58,031 [INFO] PluginManage:359 - Loaded plugin thirdparty (category:base,tabindex:-1)
2026-04-22 13:49:58,032 [INFO] PluginManage:310 - Check plugin tools
2026-04-22 13:49:58,032 [WARN] IntegrityCheckThread:84 - waiting for thirdparty lock release [integrity check]
2026-04-22 13:49:58,032 [INFO] IntegrityCheckThread:86 - entering critical section [integrity check]
2026-04-22 13:49:58,033 [INFO] ThirdPartyUpdaterWithRetryManager:70 - Updater plugin not ready yet. [1/15]
2026-04-22 13:49:58,035 [INFO] PluginManage:359 - Loaded plugin tools (category:base,tabindex:7)
2026-04-22 13:49:58,036 [INFO] PluginManage:310 - Check plugin tutovideos
2026-04-22 13:49:58,348 [INFO] PluginManage:359 - Loaded plugin tutovideos (category:base,tabindex:-1)
2026-04-22 13:49:58,348 [INFO] PluginManage:310 - Check plugin updater
2026-04-22 13:49:58,386 [INFO] PluginManage:359 - Loaded plugin updater (category:base,tabindex:12)
2026-04-22 13:49:58,386 [INFO] PluginManage:310 - Check plugin userauth
2026-04-22 13:49:58,394 [INFO] UserAuth:118 - Init User Auth plugin
2026-04-22 13:49:58,395 [INFO] PluginManage:359 - Loaded plugin userauth (category:base,tabindex:14)
2026-04-22 13:49:58,395 [INFO] PluginManage:283 - PluginManage : Loaded plugins [18]
2026-04-22 13:49:58,713 [INFO] PinOutPanel:1589 - setPackage(No Configuration,No Configuration)
2026-04-22 13:49:58,826 [INFO] CADModel:165 - CPN selected for project level
2026-04-22 13:49:58,826 [INFO] CADModel:114 - Register for checkConnection events
2026-04-22 13:49:58,855 [INFO] IPUIPlugin:80 - create IPUIPlugin
2026-04-22 13:49:58,856 [INFO] PluginManager:220 - loadIPPluginJar : add adc
2026-04-22 13:49:58,860 [INFO] IPUIPlugin:80 - create IPUIPlugin
2026-04-22 13:49:58,860 [INFO] PluginManager:220 - loadIPPluginJar : add aes
2026-04-22 13:49:58,864 [INFO] IPUIPlugin:80 - create IPUIPlugin
2026-04-22 13:49:58,864 [INFO] PluginManager:220 - loadIPPluginJar : add can
2026-04-22 13:49:58,866 [INFO] IPUIPlugin:80 - create IPUIPlugin
2026-04-22 13:49:58,866 [INFO] PluginManager:220 - loadIPPluginJar : add comp
2026-04-22 13:49:58,870 [INFO] IPUIPlugin:80 - create IPUIPlugin
2026-04-22 13:49:58,870 [INFO] PluginManager:220 - loadIPPluginJar : add cryp
2026-04-22 13:49:58,876 [INFO] IPUIPlugin:80 - create IPUIPlugin
2026-04-22 13:49:58,876 [INFO] PluginManager:220 - loadIPPluginJar : add ddr_ctrl_phy
2026-04-22 13:49:58,880 [INFO] IPUIPlugin:80 - create IPUIPlugin
2026-04-22 13:49:58,881 [INFO] PluginManager:220 - loadIPPluginJar : add dfsdm
2026-04-22 13:49:58,890 [INFO] IPUIPlugin:80 - create IPUIPlugin
2026-04-22 13:49:58,890 [INFO] PluginManager:220 - loadIPPluginJar : add dma
2026-04-22 13:49:58,894 [INFO] IPUIPlugin:80 - create IPUIPlugin
2026-04-22 13:49:58,895 [INFO] PluginManager:220 - loadIPPluginJar : add dma3
2026-04-22 13:49:58,899 [INFO] IPUIPlugin:80 - create IPUIPlugin
2026-04-22 13:49:58,899 [INFO] PluginManager:220 - loadIPPluginJar : add extmemmanager
2026-04-22 13:49:58,902 [INFO] IPUIPlugin:80 - create IPUIPlugin
2026-04-22 13:49:58,902 [INFO] PluginManager:220 - loadIPPluginJar : add fatfs
2026-04-22 13:49:58,910 [INFO] IPUIPlugin:80 - create IPUIPlugin
2026-04-22 13:49:58,910 [INFO] PluginManager:220 - loadIPPluginJar : add fmc
2026-04-22 13:49:58,926 [INFO] IPUIPlugin:80 - create IPUIPlugin
2026-04-22 13:49:58,927 [INFO] PluginManager:220 - loadIPPluginJar : add freertos
2026-04-22 13:49:58,932 [INFO] IPUIPlugin:80 - create IPUIPlugin
2026-04-22 13:49:58,932 [INFO] PluginManager:220 - loadIPPluginJar : add genericplugin
2026-04-22 13:49:58,937 [INFO] IPUIPlugin:80 - create IPUIPlugin
2026-04-22 13:49:58,938 [INFO] PluginManager:220 - loadIPPluginJar : add gfxmmu
2026-04-22 13:49:58,946 [INFO] IPUIPlugin:80 - create IPUIPlugin
2026-04-22 13:49:58,946 [INFO] PluginManager:220 - loadIPPluginJar : add gic
2026-04-22 13:49:58,956 [INFO] IPUIPlugin:80 - create IPUIPlugin
2026-04-22 13:49:58,956 [INFO] PluginManager:220 - loadIPPluginJar : add gpio
2026-04-22 13:49:58,961 [INFO] IPUIPlugin:80 - create IPUIPlugin
2026-04-22 13:49:58,961 [INFO] PluginManager:220 - loadIPPluginJar : add gtzc
2026-04-22 13:49:58,964 [INFO] IPUIPlugin:80 - create IPUIPlugin
2026-04-22 13:49:58,964 [INFO] PluginManager:220 - loadIPPluginJar : add hash
2026-04-22 13:49:58,969 [INFO] IPUIPlugin:80 - create IPUIPlugin
2026-04-22 13:49:58,969 [INFO] PluginManager:220 - loadIPPluginJar : add i2c
2026-04-22 13:49:58,973 [INFO] IPUIPlugin:80 - create IPUIPlugin
2026-04-22 13:49:58,973 [INFO] PluginManager:220 - loadIPPluginJar : add i2s
2026-04-22 13:49:58,977 [INFO] IPUIPlugin:80 - create IPUIPlugin
2026-04-22 13:49:58,977 [INFO] PluginManager:220 - loadIPPluginJar : add i3c
2026-04-22 13:49:58,982 [INFO] IPUIPlugin:80 - create IPUIPlugin
2026-04-22 13:49:58,982 [INFO] PluginManager:220 - loadIPPluginJar : add ipddr
2026-04-22 13:49:58,993 [INFO] IPUIPlugin:80 - create IPUIPlugin
2026-04-22 13:49:58,993 [INFO] PluginManager:220 - loadIPPluginJar : add linkedlist
2026-04-22 13:49:58,997 [INFO] IPUIPlugin:80 - create IPUIPlugin
2026-04-22 13:49:58,997 [INFO] PluginManager:220 - loadIPPluginJar : add lorawan
2026-04-22 13:49:58,999 [INFO] IPUIPlugin:80 - create IPUIPlugin
2026-04-22 13:49:58,999 [INFO] PluginManager:220 - loadIPPluginJar : add ltdc
2026-04-22 13:49:59,006 [INFO] IPUIPlugin:80 - create IPUIPlugin
2026-04-22 13:49:59,007 [INFO] PluginManager:220 - loadIPPluginJar : add mdma
2026-04-22 13:49:59,013 [INFO] IPUIPlugin:80 - create IPUIPlugin
2026-04-22 13:49:59,013 [INFO] PluginManager:220 - loadIPPluginJar : add nvic
2026-04-22 13:49:59,018 [INFO] IPUIPlugin:80 - create IPUIPlugin
2026-04-22 13:49:59,018 [INFO] PluginManager:220 - loadIPPluginJar : add opamp
2026-04-22 13:49:59,024 [INFO] IPUIPlugin:80 - create IPUIPlugin
2026-04-22 13:49:59,024 [INFO] PluginManager:220 - loadIPPluginJar : add openamp
2026-04-22 13:49:59,029 [INFO] IPUIPlugin:80 - create IPUIPlugin
2026-04-22 13:49:59,030 [INFO] PluginManager:220 - loadIPPluginJar : add pdm2pcm
2026-04-22 13:49:59,039 [INFO] IPUIPlugin:80 - create IPUIPlugin
2026-04-22 13:49:59,042 [INFO] PluginManager:220 - loadIPPluginJar : add plateformsettings
2026-04-22 13:49:59,044 [INFO] IPUIPlugin:80 - create IPUIPlugin
2026-04-22 13:49:59,045 [INFO] PluginManager:220 - loadIPPluginJar : add quadspi
2026-04-22 13:49:59,046 [INFO] IPUIPlugin:80 - create IPUIPlugin
2026-04-22 13:49:59,047 [INFO] PluginManager:220 - loadIPPluginJar : add radio
2026-04-22 13:49:59,052 [INFO] IPUIPlugin:80 - create IPUIPlugin
2026-04-22 13:49:59,053 [INFO] PluginManager:220 - loadIPPluginJar : add resmgrutility
2026-04-22 13:49:59,058 [INFO] IPUIPlugin:80 - create IPUIPlugin
2026-04-22 13:49:59,058 [INFO] PluginManager:220 - loadIPPluginJar : add sai
2026-04-22 13:49:59,062 [INFO] IPUIPlugin:80 - create IPUIPlugin
2026-04-22 13:49:59,062 [INFO] PluginManager:220 - loadIPPluginJar : add spi
2026-04-22 13:49:59,071 [INFO] IPUIPlugin:80 - create IPUIPlugin
2026-04-22 13:49:59,072 [INFO] PluginManager:220 - loadIPPluginJar : add stm32_wpan
2026-04-22 13:49:59,074 [INFO] IPUIPlugin:80 - create IPUIPlugin
2026-04-22 13:49:59,074 [INFO] PluginManager:220 - loadIPPluginJar : add tim
2026-04-22 13:49:59,081 [INFO] IPUIPlugin:80 - create IPUIPlugin
2026-04-22 13:49:59,082 [INFO] PluginManager:220 - loadIPPluginJar : add touchsensing
2026-04-22 13:49:59,085 [INFO] IPUIPlugin:80 - create IPUIPlugin
2026-04-22 13:49:59,085 [INFO] PluginManager:220 - loadIPPluginJar : add tracer_emb
2026-04-22 13:49:59,090 [INFO] IPUIPlugin:80 - create IPUIPlugin
2026-04-22 13:49:59,090 [INFO] PluginManager:220 - loadIPPluginJar : add ts
2026-04-22 13:49:59,092 [INFO] IPUIPlugin:80 - create IPUIPlugin
2026-04-22 13:49:59,093 [INFO] PluginManager:220 - loadIPPluginJar : add tsc
2026-04-22 13:49:59,096 [INFO] IPUIPlugin:80 - create IPUIPlugin
2026-04-22 13:49:59,096 [INFO] PluginManager:220 - loadIPPluginJar : add ucpd
2026-04-22 13:49:59,099 [INFO] IPUIPlugin:80 - create IPUIPlugin
2026-04-22 13:49:59,099 [INFO] PluginManager:220 - loadIPPluginJar : add usart
2026-04-22 13:49:59,104 [INFO] IPUIPlugin:80 - create IPUIPlugin
2026-04-22 13:49:59,104 [INFO] PluginManager:220 - loadIPPluginJar : add usbx
2026-04-22 13:49:59,250 [FATAL] Updater:351 - Updater called before beeing initialized
2026-04-22 13:49:59,292 [INFO] RulesReader:64 - Compatibility file has been processed (317 Rules)
2026-04-22 13:49:59,304 [INFO] RulesReader:64 - Compatibility file has been processed (317 Rules)
2026-04-22 13:49:59,320 [INFO] CADModel:165 - CPN selected for project level
2026-04-22 13:49:59,320 [INFO] CADModel:114 - Register for checkConnection events
2026-04-22 13:49:59,320 [FATAL] Updater:351 - Updater called before beeing initialized
2026-04-22 13:49:59,320 [ERROR] CADModel:125 - Updater not yet initialized, retry later 
2026-04-22 13:49:59,611 [FATAL] Updater:351 - Updater called before beeing initialized
2026-04-22 13:49:59,614 [INFO] CADModel:165 - CPN selected for project level
2026-04-22 13:49:59,615 [INFO] CADModel:114 - Register for checkConnection events
2026-04-22 13:49:59,615 [FATAL] Updater:351 - Updater called before beeing initialized
2026-04-22 13:49:59,615 [ERROR] CADModel:125 - Updater not yet initialized, retry later 
2026-04-22 13:49:59,619 [FATAL] Updater:351 - Updater called before beeing initialized
2026-04-22 13:49:59,800 [FATAL] Updater:351 - Updater called before beeing initialized
2026-04-22 13:49:59,808 [INFO] DbMcusAds:53 - JSON generation date=Thu Jan 08 07:56:32 PST 2026 (1767887792457)
2026-04-22 13:49:59,808 [FATAL] Updater:351 - Updater called before beeing initialized
2026-04-22 13:49:59,865 [INFO] McuFinderGlobals:63 - Set McuFinder mode to 2 (CubeIDE integrated)
2026-04-22 13:49:59,895 [WARN] DetailPanel:346 - Failed to get advertising image, set to default
2026-04-22 13:50:00,034 [FATAL] Updater:351 - Updater called before beeing initialized
2026-04-22 13:50:00,038 [FATAL] Updater:351 - Updater called before beeing initialized
2026-04-22 13:50:00,038 [FATAL] Updater:351 - Updater called before beeing initialized
2026-04-22 13:50:00,038 [WARN] DetailPanel:346 - Failed to get advertising image, set to default
2026-04-22 13:50:00,039 [FATAL] Updater:351 - Updater called before beeing initialized
2026-04-22 13:50:00,130 [ERROR] Updater:1198 - MainUpdater not yet initialized. External WinMGr cannot be set.
2026-04-22 13:50:00,133 [INFO] Updater:1134 - Updater Version found : 6.15.0
2026-04-22 13:50:00,164 [INFO] ApplicationProperties:184 - Using Application install path: C:\ST\STM32CubeIDE_1.19.0\STM32CubeIDE\plugins\com.st.stm32cube.common.mx_6.15.0.202507011659
2026-04-22 13:50:01,033 [INFO] ThirdPartyUpdaterWithRetryManager:70 - Updater plugin not ready yet. [2/15]
2026-04-22 13:50:01,753 [ERROR] LogOutputStream:75 - [STDERR_REDIRECT] Apr 22, 2026 1:50:01 PM java.util.prefs.WindowsPreferences <init>
2026-04-22 13:50:01,756 [ERROR] LogOutputStream:75 - [STDERR_REDIRECT] WARNING: Could not open/create prefs root node Software\JavaSoft\Prefs at root 0xffffffff80000002. Windows RegCreateKeyEx(...) returned error code 5.
2026-04-22 13:50:01,757 [ERROR] LogOutputStream:75 - [STDERR_REDIRECT] 
2026-04-22 13:50:02,209 [INFO] MainUpdater:2872 - connection check result : 10
2026-04-22 13:50:02,209 [INFO] MainUpdater:3604 - Updater definition file requires update
2026-04-22 13:50:02,211 [INFO] MainUpdater:289 - Updater Check For Update Now.
2026-04-22 13:50:02,211 [INFO] MicroXplorer:498 - Change Database Version : DB.6.0.150
2026-04-22 13:50:02,223 [INFO] McuFinderGlobals:63 - Set McuFinder mode to 2 (CubeIDE integrated)
2026-04-22 13:50:02,224 [INFO] UserAuth:171 - activating auth plugin
2026-04-22 13:50:02,231 [INFO] UserAuth:487 - Internet connection configuration mode: 1
2026-04-22 13:50:02,263 [INFO] JxBrowserEngine:152 - Initiate JxBrowser Engine with user profile folder
2026-04-22 13:50:02,269 [INFO] ServerAccessManage:452 - Complete download http(s) 200
2026-04-22 13:50:02,270 [INFO] ServerAccessManage:509 - Download File updaters.zip
2026-04-22 13:50:02,455 [INFO] FileExtend:248 - Unzip File : updaters.zip
2026-04-22 13:50:02,455 [INFO] FileExtend:263 - Standard Zip Deflate
2026-04-22 13:50:02,924 [INFO] ServerAccessManage:452 - Complete download http(s) 200
2026-04-22 13:50:02,924 [INFO] ServerAccessManage:509 - Download File PacksControlFlags.xml
2026-04-22 13:50:03,163 [INFO] ServerAccessManage:452 - Complete download http(s) 200
2026-04-22 13:50:03,164 [INFO] ServerAccessManage:509 - Download File cubemx.pidx
2026-04-22 13:50:03,724 [INFO] ServerAccessManage:452 - Complete download http(s) 200
2026-04-22 13:50:03,724 [INFO] ServerAccessManage:509 - Download File STMicroelectronics.FP-SNS-MOTENVWB1.pdsc
2026-04-22 13:50:04,036 [WARN] MainUpdater:1193 - Updater busy. Cannot search thirdparties
2026-04-22 13:50:04,036 [INFO] ThirdPartyUpdaterWithRetryManager:96 - Updater plugin is busy. [1/15]
2026-04-22 13:50:04,339 [INFO] ServerAccessManage:452 - Complete download http(s) 200
2026-04-22 13:50:04,339 [INFO] ServerAccessManage:509 - Download File STMicroelectronics.FP-SNS-STAIOTCFT.pdsc
2026-04-22 13:50:04,937 [INFO] ServerAccessManage:452 - Complete download http(s) 200
2026-04-22 13:50:04,937 [INFO] ServerAccessManage:509 - Download File STMicroelectronics.X-CUBE-FREERTOS.pdsc
2026-04-22 13:50:05,106 [INFO] WebApp:169 - Instantiating new browser for Auth
2026-04-22 13:50:06,344 [INFO] ServerAccessManage:452 - Complete download http(s) 200
2026-04-22 13:50:06,345 [INFO] ServerAccessManage:509 - Download File STMicroelectronics.X-CUBE-NFC6.pdsc
2026-04-22 13:50:07,038 [WARN] MainUpdater:1193 - Updater busy. Cannot search thirdparties
2026-04-22 13:50:07,039 [INFO] ThirdPartyUpdaterWithRetryManager:96 - Updater plugin is busy. [2/15]
2026-04-22 13:50:07,094 [INFO] ServerAccessManage:452 - Complete download http(s) 200
2026-04-22 13:50:07,095 [INFO] ServerAccessManage:509 - Download File STMicroelectronics.X-CUBE-ST67W61.pdsc
2026-04-22 13:50:07,369 [INFO] ServerAccessManage:452 - Complete download http(s) 200
2026-04-22 13:50:07,369 [INFO] ServerAccessManage:509 - Download File STMicroelectronics.X-CUBE-STSE01.pdsc
2026-04-22 13:50:07,375 [INFO] WebApp:463 - Apply proxy settings
2026-04-22 13:50:07,376 [INFO] WebApp:548 - Chromium requires no authentication
2026-04-22 13:50:07,409 [INFO] WebApp:491 - Direct internet connection detected
2026-04-22 13:50:07,473 [INFO] WebApp:900 - Register for checkConnection events
2026-04-22 13:50:07,474 [INFO] WebApp:463 - Apply proxy settings
2026-04-22 13:50:07,474 [INFO] WebApp:548 - Chromium requires no authentication
2026-04-22 13:50:07,476 [INFO] WebApp:491 - Direct internet connection detected
2026-04-22 13:50:07,873 [INFO] ServerAccessManage:452 - Complete download http(s) 200
2026-04-22 13:50:07,873 [INFO] ServerAccessManage:509 - Download File STMicroelectronics.X-CUBE-TOUCHGFX.pdsc
2026-04-22 13:50:07,979 [INFO] WebApp:191 - Connection restablished
2026-04-22 13:50:08,247 [INFO] WebApp:225 - Starting web application
2026-04-22 13:50:08,248 [INFO] WebApp:593 - Web application path used C:\ST\STM32CubeIDE_1.19.0\STM32CubeIDE\plugins\com.st.stm32cube.common.mx_6.15.0.202507011659\db\plugins\mcufinder\reactClient1\index.html
2026-04-22 13:50:10,039 [WARN] MainUpdater:1193 - Updater busy. Cannot search thirdparties
2026-04-22 13:50:10,040 [INFO] ThirdPartyUpdaterWithRetryManager:96 - Updater plugin is busy. [3/15]
2026-04-22 13:50:11,090 [INFO] ServerAccessManage:452 - Complete download http(s) 200
2026-04-22 13:50:11,092 [INFO] ServerAccessManage:509 - Download File STMicroelectronics.X-CUBE-AZRTOS-H7.pdsc
2026-04-22 13:50:12,715 [INFO] ServerAccessManage:452 - Complete download http(s) 200
2026-04-22 13:50:12,715 [INFO] ServerAccessManage:509 - Download File STMicroelectronics.X-CUBE-WB05N.pdsc
2026-04-22 13:50:12,936 [INFO] ServerAccessManage:452 - Complete download http(s) 200
2026-04-22 13:50:12,937 [INFO] ServerAccessManage:509 - Download File STMicroelectronics.eDS-WB_DPC_VIENNA.pdsc
2026-04-22 13:50:13,043 [WARN] MainUpdater:1193 - Updater busy. Cannot search thirdparties
2026-04-22 13:50:13,044 [INFO] ThirdPartyUpdaterWithRetryManager:96 - Updater plugin is busy. [4/15]
2026-04-22 13:50:13,604 [ERROR] ServerAccessManage:1212 - Problem, file not found on Server
2026-04-22 13:50:13,799 [ERROR] ServerAccessManage:1212 - Problem, file not found on Server
2026-04-22 13:50:14,124 [ERROR] ServerAccessManage:1212 - Problem, file not found on Server
2026-04-22 13:50:14,350 [ERROR] ServerAccessManage:1212 - Problem, file not found on Server
2026-04-22 13:50:14,655 [ERROR] ServerAccessManage:1212 - Problem, file not found on Server
2026-04-22 13:50:14,794 [INFO] ServerAccessManage:452 - Complete download http(s) 200
2026-04-22 13:50:14,794 [INFO] ServerAccessManage:509 - Download File STMicroelectronics.eDS-WB_DPC_TT-BIDIR.pdsc
2026-04-22 13:50:15,168 [ERROR] ServerAccessManage:1212 - Problem, file not found on Server
2026-04-22 13:50:15,507 [ERROR] ServerAccessManage:1212 - Problem, file not found on Server
2026-04-22 13:50:15,842 [ERROR] ServerAccessManage:1212 - Problem, file not found on Server
2026-04-22 13:50:16,044 [WARN] MainUpdater:1193 - Updater busy. Cannot search thirdparties
2026-04-22 13:50:16,044 [INFO] ThirdPartyUpdaterWithRetryManager:96 - Updater plugin is busy. [5/15]
2026-04-22 13:50:16,084 [ERROR] ServerAccessManage:1212 - Problem, file not found on Server
2026-04-22 13:50:16,205 [INFO] ServerAccessManage:452 - Complete download http(s) 200
2026-04-22 13:50:16,205 [INFO] ServerAccessManage:509 - Download File STMicroelectronics.eDS-WB_DPC_3PH2L-BIDIR.pdsc
2026-04-22 13:50:16,554 [ERROR] ServerAccessManage:1212 - Problem, file not found on Server
2026-04-22 13:50:17,083 [WARN] PackLoader:240 - Cannot read IP mode file for STMicroelectronics.FP-SNS-MOTENVWB1.1.5.0
2026-04-22 13:50:17,113 [WARN] PackLoader:240 - Cannot read IP mode file for STMicroelectronics.FP-SNS-STAIOTCFT.1.1.0
2026-04-22 13:50:17,137 [WARN] PackLoader:240 - Cannot read IP mode file for STMicroelectronics.X-CUBE-FREERTOS.1.5.0
2026-04-22 13:50:17,171 [WARN] PackLoader:240 - Cannot read IP mode file for STMicroelectronics.X-CUBE-NFC6.3.2.0
2026-04-22 13:50:17,190 [WARN] PopulateThirdPartyThread:106 - Error when creating pack: C:/Users/marin/.stm32cubemx/thirdparties/pdsc/STMicroelectronics.X-CUBE-ST67W61.pdsc
2026-04-22 13:50:17,208 [WARN] PackLoader:240 - Cannot read IP mode file for STMicroelectronics.X-CUBE-STSE01.2.0.0
2026-04-22 13:50:17,226 [WARN] PackLoader:240 - Cannot read IP mode file for STMicroelectronics.X-CUBE-TOUCHGFX.4.26.1
2026-04-22 13:50:17,243 [INFO] CheckServerUpdateThread:120 - End of CheckServer Thread
2026-04-22 13:50:17,280 [WARN] PackLoader:240 - Cannot read IP mode file for STMicroelectronics.X-CUBE-AZRTOS-H7.3.5.0
2026-04-22 13:50:17,315 [INFO] MainUpdater:2872 - connection check result : 10
2026-04-22 13:50:17,317 [WARN] PackLoader:240 - Cannot read IP mode file for STMicroelectronics.X-CUBE-WB05N.2.1.0
2026-04-22 13:50:17,328 [INFO] McuFinderGlobals:76 - Set McuFinderConnectedMode to true
2026-04-22 13:50:17,337 [WARN] PackLoader:240 - Cannot read IP mode file for STMicroelectronics.eDS-WB_DPC_VIENNA.1.2.0
2026-04-22 13:50:17,346 [WARN] PackLoader:240 - Cannot read IP mode file for STMicroelectronics.eDS-WB_DPC_TT-BIDIR.2.1.1
2026-04-22 13:50:17,357 [WARN] PackLoader:240 - Cannot read IP mode file for STMicroelectronics.eDS-WB_DPC_3PH2L-BIDIR.1.1.1
2026-04-22 13:50:17,358 [INFO] PopulateThirdPartyThread:66 - Ending populate Thread
2026-04-22 13:50:17,361 [INFO] ThirdParty:1030 - CMSIS Pack Vendor :STMicroelectronics X-CUBE-FREERTOS 1.5.0
2026-04-22 13:50:17,361 [INFO] ThirdParty:1030 - CMSIS Pack Vendor :STMicroelectronics X-CUBE-AZRTOS-H7 3.5.0
2026-04-22 13:50:17,361 [INFO] ThirdParty:1030 - CMSIS Pack Vendor :STMicroelectronics FP-SNS-STAIOTCFT 1.1.0
2026-04-22 13:50:17,361 [INFO] ThirdParty:1030 - CMSIS Pack Vendor :STMicroelectronics eDS-WB_DPC_TT-BIDIR 2.1.1
2026-04-22 13:50:17,362 [INFO] ThirdParty:1030 - CMSIS Pack Vendor :STMicroelectronics eDS-WB_DPC_VIENNA 1.2.0
2026-04-22 13:50:17,362 [INFO] ThirdParty:1030 - CMSIS Pack Vendor :STMicroelectronics FP-SNS-MOTENVWB1 1.5.0
2026-04-22 13:50:17,362 [INFO] ThirdParty:1030 - CMSIS Pack Vendor :STMicroelectronics X-CUBE-STSE01 2.0.0
2026-04-22 13:50:17,362 [INFO] ThirdParty:1030 - CMSIS Pack Vendor :STMicroelectronics eDS-WB_DPC_3PH2L-BIDIR 1.1.1
2026-04-22 13:50:17,362 [INFO] ThirdParty:1030 - CMSIS Pack Vendor :STMicroelectronics X-CUBE-TOUCHGFX 4.26.1
2026-04-22 13:50:17,362 [INFO] ThirdParty:1030 - CMSIS Pack Vendor :STMicroelectronics X-CUBE-NFC6 3.2.0
2026-04-22 13:50:17,363 [INFO] ThirdParty:1030 - CMSIS Pack Vendor :STMicroelectronics X-CUBE-WB05N 2.1.0
2026-04-22 13:50:17,363 [INFO] LoadServerUpdatesThread:375 - End of LoadServerUpdate Thread
2026-04-22 13:50:17,734 [INFO] ServerAccessManage:452 - Complete download http(s) 200
2026-04-22 13:50:17,736 [INFO] ServerAccessManage:509 - Download File mcusAds.json._tmp_
2026-04-22 13:50:17,857 [INFO] LoadUrlFilesThread:156 - End of LoadUrlFiles Thread
2026-04-22 13:50:18,046 [INFO] ServerAccessManage:452 - Complete download http(s) 200
2026-04-22 13:50:18,048 [INFO] ServerAccessManage:509 - Download File cube-finder-db.zip
2026-04-22 13:50:19,046 [WARN] MainUpdater:1193 - Updater busy. Cannot search thirdparties
2026-04-22 13:50:19,047 [INFO] ThirdPartyUpdaterWithRetryManager:96 - Updater plugin is busy. [6/15]
2026-04-22 13:50:20,151 [INFO] FileExtend:248 - Unzip File : cube-finder-db.zip
2026-04-22 13:50:20,152 [INFO] FileExtend:263 - Standard Zip Deflate
2026-04-22 13:50:21,823 [INFO] LoadUrlFilesThread:156 - End of LoadUrlFiles Thread
2026-04-22 13:50:22,049 [WARN] MainUpdater:1193 - Updater busy. Cannot search thirdparties
2026-04-22 13:50:22,050 [INFO] ThirdPartyUpdaterWithRetryManager:96 - Updater plugin is busy. [7/15]
2026-04-22 13:50:22,846 [INFO] ServerAccessManage:452 - Complete download http(s) 200
2026-04-22 13:50:22,848 [INFO] ServerAccessManage:509 - Download File crdb.zip
2026-04-22 13:50:24,066 [INFO] FileExtend:248 - Unzip File : crdb.zip
2026-04-22 13:50:24,066 [INFO] FileExtend:263 - Standard Zip Deflate
2026-04-22 13:50:24,202 [INFO] LoadUrlFilesThread:156 - End of LoadUrlFiles Thread
2026-04-22 13:50:24,288 [INFO] ServerAccessManage:452 - Complete download http(s) 200
2026-04-22 13:50:24,288 [INFO] ServerAccessManage:509 - Download File tutoVideoDB.zip
2026-04-22 13:50:24,314 [INFO] FileExtend:248 - Unzip File : tutoVideoDB.zip
2026-04-22 13:50:24,315 [INFO] FileExtend:263 - Standard Zip Deflate
2026-04-22 13:50:24,423 [INFO] LoadUrlFilesThread:156 - End of LoadUrlFiles Thread
2026-04-22 13:50:24,425 [WARN] DbFile:41 - Overriding database path with different value: C:\Users\marin\.stmcufinder\plugins\mcufinder/ => C:\Users\marin\.stmcufinder\plugins\mcufinder
2026-04-22 13:50:24,605 [INFO] ServerAccessManage:452 - Complete download http(s) 200
2026-04-22 13:50:24,607 [INFO] ServerAccessManage:509 - Download File api_config.json
2026-04-22 13:50:24,732 [INFO] LoadUrlFilesThread:156 - End of LoadUrlFiles Thread
2026-04-22 13:50:24,734 [INFO] DbMcusAds:53 - JSON generation date=Fri Apr 10 02:19:02 PDT 2026 (1775812742310)
2026-04-22 13:50:25,015 [INFO] ServerAccessManage:452 - Complete download http(s) 200
2026-04-22 13:50:25,015 [INFO] ServerAccessManage:509 - Download File 
2026-04-22 13:50:25,126 [WARN] MainUpdater:1193 - Updater busy. Cannot search thirdparties
2026-04-22 13:50:25,129 [INFO] ThirdPartyUpdaterWithRetryManager:96 - Updater plugin is busy. [8/15]
2026-04-22 13:50:25,129 [INFO] LoadUrlFilesThread:185 - End of LoadServerUrlFiles without Thread
2026-04-22 13:50:25,129 [INFO] TargetSelectorAdapter:259 - Refresh data is successful
2026-04-22 13:50:25,447 [INFO] ApiDb:581 - Connected to CubeFinder SQLite database (C:\Users\marin\.stmcufinder\plugins\mcufinder\mcu\cube-finder-db.db)
2026-04-22 13:50:25,851 [INFO] ApiDb:668 - CubeFinder database Data Model version=2.1
2026-04-22 13:50:25,851 [INFO] ApiDb:669 - CubeFinder database Configuration version=3.0.42
2026-04-22 13:50:25,853 [INFO] ApiDb:670 - CubeFinder database generation date=2026-03-11 (1773229989)
2026-04-22 13:50:25,853 [INFO] ApiDb:671 - CubeFinder database FW Pack versions=[FP-ATR-ASTRA1_V2.0.0, FP-SNS-FLIGHT1_V5.1.0, FP-SNS-MOTENV1_V5.1.0, FP-SNS-MOTENVWB1_V1.5.0, FP-SNS-SMARTAG2_V1.2.0, FP-SNS-STBOX1_V2.1.0, STM32Cube_FW_C0_V1.4.0, STM32Cube_FW_F4_V1.28.3, STM32Cube_FW_F7_V1.17.4, STM32Cube_FW_G0_V1.6.3, STM32Cube_FW_G4_V1.6.2, STM32Cube_FW_H5_V1.6.0, STM32Cube_FW_H7RS_V1.3.0, STM32Cube_FW_H7_V1.13.0, STM32Cube_FW_L0_V1.12.2, STM32Cube_FW_L4_V1.18.2, STM32Cube_FW_L5_V1.6.0, STM32Cube_FW_N6_V1.3.0, STM32Cube_FW_U0_V1.3.0, STM32Cube_FW_U3_V1.3.0, STM32Cube_FW_U5_V1.8.0, STM32Cube_FW_WB0_V1.4.0, STM32Cube_FW_WBA_V1.9.0, STM32Cube_FW_WB_V1.24.0, STM32Cube_FW_WL3_V1.4.0, STM32Cube_FW_WL_V1.5.0, X-CUBE-ALGOBUILD_V1.4.0, X-CUBE-ALS_V1.0.2, X-CUBE-AZRTOS-F4_V1.1.0, X-CUBE-AZRTOS-F7_V1.1.0, X-CUBE-AZRTOS-G0_V1.1.0, X-CUBE-AZRTOS-G4_V2.0.0, X-CUBE-AZRTOS-H7RS_V1.1.0, X-CUBE-AZRTOS-H7_V3.4.0, X-CUBE-AZRTOS-L4_V2.0.0, X-CUBE-AZRTOS-L5_V2.0.0, X-CUBE-AZRTOS-WB_V2.0.0, X-CUBE-AZRTOS-WL_V2.0.0, X-CUBE-BLE1_V7.1.0, X-CUBE-BLE2_V3.3.0, X-CUBE-BLEMGR_V4.1.0, X-CUBE-EEPRMA1_V5.2.0, X-CUBE-FREERTOS_V1.5.0, X-CUBE-GNSS1_V6.0.0, X-CUBE-MEMS1_V12.0.0, X-CUBE-NFC4_V3.0.0, X-CUBE-NFC7_V2.0.0, X-CUBE-SFXS2LP1_V4.0.0, X-CUBE-ST67W61_V1.2.0, X-CUBE-SUBG2_V5.0.0, X-CUBE-TOF1_V3.4.3]
2026-04-22 13:50:32,913 [WARN] PackLoader:240 - Cannot read IP mode file for STMicroelectronics.X-CUBE-AZRTOS-H7.3.5.0
2026-04-22 13:50:33,160 [WARN] PackLoader:240 - Cannot read IP mode file for STMicroelectronics.FP-SNS-MOTENVWB1.1.4.0
2026-04-22 13:50:33,430 [WARN] PackLoader:240 - Cannot read IP mode file for STMicroelectronics.FP-ATR-ASTRA1.2.0.2
2026-04-22 13:50:33,748 [WARN] PackLoader:240 - Cannot read IP mode file for STMicroelectronics.X-CUBE-SMBUS.2.1.0
2026-04-22 13:50:33,979 [WARN] PackLoader:240 - Cannot read IP mode file for STMicroelectronics.X-CUBE-ST60.1.0.0
2026-04-22 13:50:34,327 [WARN] PackLoader:240 - Cannot read IP mode file for STMicroelectronics.X-CUBE-AZRTOS-F7.1.1.0
2026-04-22 13:50:34,386 [WARN] PackLoader:240 - Cannot read IP mode file for STMicroelectronics.FP-SNS-MOTENV1.5.1.0
2026-04-22 13:50:34,576 [WARN] PackLoader:240 - Cannot read IP mode file for Infineon.AIROC-Wi-Fi-Bluetooth-STM32.1.7.1
2026-04-22 13:50:34,702 [WARN] PackLoader:240 - Cannot read IP mode file for STMicroelectronics.X-CUBE-AZRTOS-H7.3.4.0
2026-04-22 13:50:34,847 [WARN] PackLoader:240 - Cannot read IP mode file for STMicroelectronics.X-CUBE-DISPLAY.3.0.0
2026-04-22 13:50:35,070 [WARN] PackLoader:240 - Cannot read IP mode file for STMicroelectronics.FP-SNS-MOTENVWB1.1.5.0
2026-04-22 13:50:35,637 [WARN] PackLoader:240 - Cannot read IP mode file for STMicroelectronics.X-CUBE-NFC10.1.0.0
2026-04-22 13:50:35,749 [WARN] PackLoader:240 - Cannot read IP mode file for STMicroelectronics.X-CUBE-ST60.1.1.0
2026-04-22 13:50:35,766 [WARN] PackLoader:240 - Cannot read IP mode file for emotas.I-CUBE-CANOPEN.1.3.0
2026-04-22 13:50:35,796 [WARN] PackLoader:240 - Cannot read IP mode file for STMicroelectronics.X-CUBE-GNSS1.7.1.0
2026-04-22 13:50:35,829 [WARN] PackLoader:240 - Cannot read IP mode file for STMicroelectronics.FP-SNS-STBOX1.2.1.0
2026-04-22 13:50:35,850 [WARN] PackLoader:240 - Cannot read IP mode file for STMicroelectronics.FP-SNS-SMARTAG2.1.2.0
2026-04-22 13:50:35,876 [WARN] PackLoader:240 - Cannot read IP mode file for STMicroelectronics.FP-SNS-FLIGHT1.5.1.0
2026-04-22 13:50:35,988 [INFO] LogOutputStream:77 - [STDOUT_REDIRECT] 1 : Invalid condition id : UX_CORESTACK_Condition cause : null
2026-04-22 13:50:36,020 [INFO] LogOutputStream:77 - [STDOUT_REDIRECT] 1 : Invalid condition id : UX_CORESTACK_Condition cause : null
2026-04-22 13:50:36,036 [INFO] LogOutputStream:77 - [STDOUT_REDIRECT] 1 : Invalid condition id : UX_CORESTACK_Condition cause : null
2026-04-22 13:50:36,045 [INFO] LogOutputStream:77 - [STDOUT_REDIRECT] 1 : Invalid condition id : UX_CORESTACK_Condition cause : null
2026-04-22 13:50:36,045 [INFO] LogOutputStream:77 - [STDOUT_REDIRECT] 1 : Invalid condition id : UX_CORESTACK_Condition cause : null
2026-04-22 13:50:36,052 [WARN] PackLoader:240 - Cannot read IP mode file for STMicroelectronics.X-CUBE-AZRTOS-WL.2.0.0
2026-04-22 13:50:36,179 [WARN] PackLoader:240 - Cannot read IP mode file for STMicroelectronics.FP-SNS-MOTENV1.5.0.0
2026-04-22 13:50:36,418 [WARN] PackLoader:240 - Cannot read IP mode file for STMicroelectronics.X-CUBE-AZRTOS-H7RS.1.2.0
2026-04-22 13:50:36,593 [WARN] PackLoader:240 - Cannot read IP mode file for WES.I-CUBE-Cesium.1.3.0
2026-04-22 13:50:36,609 [WARN] PackLoader:240 - Cannot read IP mode file for STMicroelectronics.X-CUBE-BLE2.3.3.0
2026-04-22 13:50:37,054 [WARN] PackLoader:240 - Cannot read IP mode file for STMicroelectronics.X-CUBE-NFC9.1.0.0
2026-04-22 13:50:37,339 [WARN] PackLoader:240 - Cannot read IP mode file for wolfSSL.I-CUBE-wolfSSL.5.8.2
2026-04-22 13:50:37,403 [WARN] PackLoader:240 - Cannot read IP mode file for STMicroelectronics.X-CUBE-BLE1.7.1.0
2026-04-22 13:50:37,548 [WARN] PackLoader:240 - Cannot read IP mode file for wolfSSL.I-CUBE-wolfMQTT.1.19.2
2026-04-22 13:50:37,594 [WARN] PackLoader:240 - Cannot read IP mode file for STMicroelectronics.X-CUBE-FREERTOS.1.4.0
2026-04-22 13:50:37,594 [WARN] PackLoader:240 - Cannot read IP mode file for STMicroelectronics.X-CUBE-EEPRMA1.5.2.0
2026-04-22 13:50:37,706 [WARN] PackLoader:240 - Cannot read IP mode file for STMicroelectronics.X-CUBE-ST67W61.1.1.0
2026-04-22 13:50:37,754 [WARN] PackLoader:240 - Cannot read IP mode file for STMicroelectronics.X-CUBE-AI.10.1.0
2026-04-22 13:50:37,754 [WARN] PackLoader:240 - Cannot read IP mode file for STMicroelectronics.FP-SNS-STAIOTCFT.1.1.0
2026-04-22 13:50:39,483 [WARN] PackLoader:240 - Cannot read IP mode file for STMicroelectronics.X-CUBE-MEMS1.12.0.0
2026-04-22 13:50:40,860 [WARN] PackLoader:240 - Cannot read IP mode file for STMicroelectronics.X-CUBE-AZRTOS-G0.1.1.0
2026-04-22 13:50:40,916 [WARN] PackLoader:240 - Cannot read IP mode file for STMicroelectronics.X-CUBE-SAFEA1.1.2.2
2026-04-22 13:50:40,942 [WARN] PackLoader:240 - Cannot read IP mode file for STMicroelectronics.X-CUBE-NFC4.3.0.0
2026-04-22 13:50:41,257 [WARN] PackLoader:240 - Cannot read IP mode file for EmbeddedOffice.I-CUBE-FS-RTOS.1.0.1
2026-04-22 13:50:41,496 [WARN] PackLoader:240 - Cannot read IP mode file for STMicroelectronics.X-CUBE-WB05N.2.0.0
2026-04-22 13:50:42,019 [WARN] PackLoader:240 - Cannot read IP mode file for wolfSSL.I-CUBE-wolfTPM.3.8.0
2026-04-22 13:50:42,244 [WARN] PackLoader:240 - Cannot read IP mode file for STMicroelectronics.X-CUBE-TCPP.4.2.0
2026-04-22 13:50:42,526 [WARN] PackLoader:240 - Cannot read IP mode file for RealThread.X-CUBE-RT-Thread_Nano.4.1.1
2026-04-22 13:50:42,542 [WARN] PackLoader:240 - Cannot read IP mode file for STMicroelectronics.FP-ATR-SIGFOX1.3.2.0
2026-04-22 13:50:42,558 [WARN] PackLoader:240 - Cannot read IP mode file for STMicroelectronics.X-CUBE-FREERTOS.1.5.0
2026-04-22 13:50:42,558 [WARN] PackLoader:240 - Cannot read IP mode file for ITTIA_DB.I-CUBE-ITTIADB.8.9.0
2026-04-22 13:50:42,623 [WARN] PackLoader:240 - Cannot read IP mode file for STMicroelectronics.X-CUBE-NFC6.3.2.0
2026-04-22 13:50:42,671 [WARN] PackLoader:240 - Cannot read IP mode file for STMicroelectronics.X-CUBE-ST67W61.1.0.0
2026-04-22 13:50:42,687 [WARN] PackLoader:240 - Cannot read IP mode file for STMicroelectronics.X-CUBE-AI.10.2.0
2026-04-22 13:50:43,057 [WARN] PackLoader:240 - Cannot read IP mode file for SEGGER.I-CUBE-embOS.1.3.1
2026-04-22 13:50:43,578 [WARN] PackLoader:240 - Cannot read IP mode file for STMicroelectronics.X-CUBE-ALGOBUILD.1.4.0
2026-04-22 13:50:44,482 [WARN] PackLoader:240 - Cannot read IP mode file for STMicroelectronics.X-CUBE-MEMS1.11.3.0
2026-04-22 13:50:45,039 [WARN] PackLoader:240 - Cannot read IP mode file for STMicroelectronics.X-CUBE-PM33A1.1.0.0
2026-04-22 13:50:45,071 [WARN] PackLoader:240 - Cannot read IP mode file for STMicroelectronics.X-CUBE-AZRTOS-F4.1.1.0
2026-04-22 13:50:45,214 [WARN] PackLoader:240 - Cannot read IP mode file for Avnet-IotConnect.X-CUBE-IoTC-DA16k-PMOD.1.0.0
2026-04-22 13:50:45,246 [WARN] PackLoader:240 - Cannot read IP mode file for STMicroelectronics.X-CUBE-ISPU.2.1.0
2026-04-22 13:50:45,594 [WARN] PackLoader:240 - Cannot read IP mode file for STMicroelectronics.X-CUBE-IPS.3.2.0
2026-04-22 13:50:45,896 [WARN] PackLoader:240 - Cannot read IP mode file for STMicroelectronics.eDS-WB_DPC_TT-BIDIR.2.1.1
2026-04-22 13:50:45,992 [WARN] PackLoader:240 - Cannot read IP mode file for STMicroelectronics.X-CUBE-NFC12.1.0.0
2026-04-22 13:50:46,279 [WARN] PackLoader:240 - Cannot read IP mode file for STMicroelectronics.X-CUBE-AZRTOS-L5.2.0.0
2026-04-22 13:50:46,406 [WARN] PackLoader:240 - Cannot read IP mode file for STMicroelectronics.X-CUBE-NFC6.3.1.0
2026-04-22 13:50:46,776 [WARN] PackLoader:240 - Cannot read IP mode file for STMicroelectronics.eDS-WB_DPC_VIENNA.1.2.0
2026-04-22 13:50:46,827 [WARN] PackLoader:240 - Cannot read IP mode file for STMicroelectronics.eDS-WB_DPC_3PH2L-BIDIR.1.1.1
2026-04-22 13:50:46,879 [ERROR] Engine:466 - C:\Users\marin\.stm32cubemx\thirdparties\pdsc\STMicroelectronics.X-CUBE-ST67W61.1.3.0.pdsc: PDSC version is not supported
2026-04-22 13:50:46,925 [WARN] PackLoader:240 - Cannot read IP mode file for STMicroelectronics.X-CUBE-FREERTOS.1.3.1
2026-04-22 13:50:46,944 [WARN] PackLoader:240 - Cannot read IP mode file for STMicroelectronics.X-CUBE-TOUCHGFX.4.26.0
2026-04-22 13:50:46,968 [WARN] PackLoader:240 - Cannot read IP mode file for STMicroelectronics.X-CUBE-TOUCHGFX.4.26.1
2026-04-22 13:50:47,044 [WARN] PackLoader:240 - Cannot read IP mode file for STMicroelectronics.FP-SNS-STAIOTCFT.1.0.0
2026-04-22 13:50:47,074 [WARN] PackLoader:240 - Cannot read IP mode file for STMicroelectronics.X-CUBE-DPower.1.3.0
2026-04-22 13:50:47,093 [WARN] ConditionMgr:438 - getConditionDescription Invalid condition id : LAN8742 Phy interface Condition cause : null
2026-04-22 13:50:47,094 [WARN] PackLoader:240 - Cannot read IP mode file for STMicroelectronics.X-CUBE-AZRTOS-L4.2.0.0
2026-04-22 13:50:47,095 [WARN] ConditionMgr:1044 - genDependencies : Invalid condition id : LAN8742 Phy interface Condition cause : null
2026-04-22 13:50:47,095 [WARN] ConditionMgr:1044 - genDependencies : Invalid condition id : LAN8742 Phy interface Condition cause : null
2026-04-22 13:50:47,096 [WARN] ConditionMgr:1044 - genDependencies : Invalid condition id : LAN8742 Phy interface Condition cause : null
2026-04-22 13:50:47,148 [WARN] PackLoader:240 - Cannot read IP mode file for STMicroelectronics.X-CUBE-SFXS2LP1.4.0.0
2026-04-22 13:50:47,154 [WARN] PackLoader:240 - Cannot read IP mode file for STMicroelectronics.X-CUBE-WB05N.2.1.0
2026-04-22 13:50:47,176 [WARN] PackLoader:240 - Cannot read IP mode file for STMicroelectronics.X-CUBE-ST67W61.1.2.0
2026-04-22 13:50:47,235 [WARN] PackLoader:240 - Cannot read IP mode file for STMicroelectronics.X-CUBE-BLEMGR.4.1.0
2026-04-22 13:50:47,255 [WARN] ConditionMgr:438 - getConditionDescription Invalid condition id : UX DEVICE CLASS RTOS Condition cause : null
2026-04-22 13:50:47,255 [WARN] ConditionMgr:438 - getConditionDescription Invalid condition id : UX DEVICE CLASS RTOS Condition cause : null
2026-04-22 13:50:47,256 [WARN] PackLoader:240 - Cannot read IP mode file for STMicroelectronics.X-CUBE-AZRTOS-WB.2.0.0
2026-04-22 13:50:47,257 [WARN] ConditionMgr:1044 - genDependencies : Invalid condition id : UX DEVICE CLASS RTOS Condition cause : null
2026-04-22 13:50:47,257 [WARN] ConditionMgr:1044 - genDependencies : Invalid condition id : UX DEVICE CLASS RTOS Condition cause : null
2026-04-22 13:50:47,257 [WARN] ConditionMgr:1044 - genDependencies : Invalid condition id : UX DEVICE CLASS RTOS Condition cause : null
2026-04-22 13:50:47,257 [WARN] ConditionMgr:1044 - genDependencies : Invalid condition id : UX DEVICE CLASS RTOS Condition cause : null
2026-04-22 13:50:47,258 [WARN] ConditionMgr:1044 - genDependencies : Invalid condition id : UX DEVICE CLASS RTOS Condition cause : null
2026-04-22 13:50:47,263 [WARN] PackLoader:240 - Cannot read IP mode file for STMicroelectronics.X-CUBE-GNSS1.7.0.1
2026-04-22 13:50:47,279 [WARN] PackLoader:240 - Cannot read IP mode file for STMicroelectronics.X-CUBE-TOUCHGFX.4.25.0
2026-04-22 13:50:47,290 [WARN] PackLoader:240 - Cannot read IP mode file for STMicroelectronics.FP-SNS-STBOX1.2.0.0
2026-04-22 13:50:47,303 [WARN] ConditionMgr:438 - getConditionDescription Invalid condition id : Cortex-A Device cause : null
2026-04-22 13:50:47,324 [WARN] ConditionMgr:1044 - genDependencies : Invalid condition id : Cortex-A Device cause : null
2026-04-22 13:50:47,324 [WARN] ConditionMgr:1044 - genDependencies : Invalid condition id : Cortex-A Device cause : null
2026-04-22 13:50:47,325 [WARN] ConditionMgr:1044 - genDependencies : Invalid condition id : Cortex-A Device cause : null
2026-04-22 13:50:47,334 [WARN] PackLoader:240 - Cannot read IP mode file for STMicroelectronics.X-CUBE-STSE01.2.0.0
2026-04-22 13:50:47,346 [WARN] PackLoader:240 - Cannot read IP mode file for STMicroelectronics.X-CUBE-SUBG2.5.0.0
2026-04-22 13:50:47,368 [WARN] PackLoader:240 - Cannot read IP mode file for STMicroelectronics.X-CUBE-AZRTOS-H7RS.1.1.0
2026-04-22 13:50:47,375 [WARN] PackLoader:240 - Cannot read IP mode file for Cesanta.I-CUBE-Mongoose.7.13.0
2026-04-22 13:50:47,423 [WARN] PackLoader:240 - Cannot read IP mode file for STMicroelectronics.X-CUBE-AZRTOS-G4.2.0.0
2026-04-22 13:50:47,435 [WARN] PackLoader:240 - Cannot read IP mode file for wolfSSL.I-CUBE-wolfSSH.1.4.20
2026-04-22 13:50:47,446 [WARN] PackLoader:240 - Cannot read IP mode file for STMicroelectronics.X-CUBE-NFC7.2.0.0
2026-04-22 13:50:47,458 [WARN] PackLoader:240 - Cannot read IP mode file for STMicroelectronics.X-CUBE-IPS.3.1.0
2026-04-22 13:50:47,470 [WARN] PackLoader:240 - Cannot read IP mode file for STMicroelectronics.X-CUBE-ALS.1.0.2
2026-04-22 13:50:47,475 [WARN] PackLoader:240 - Cannot read IP mode file for STMicroelectronics.X-CUBE-STSE01.1.0.0
2026-04-22 13:50:47,483 [WARN] PackLoader:240 - Cannot read IP mode file for portGmbH.I-Cube-SoM-uGOAL.1.1.0
2026-04-22 13:50:47,493 [WARN] PackLoader:240 - Cannot read IP mode file for STMicroelectronics.X-CUBE-TOF1.3.4.3
2026-04-22 13:50:47,502 [INFO] ThirdParty:978 - Integrity check success = true
2026-04-22 13:50:47,502 [INFO] IntegrityCheckThread:100 - exiting critical section [integrity check]
2026-04-22 13:50:47,502 [INFO] IntegrityCheckThread:103 - End integrity checks thread
2026-04-22 13:50:48,962 [INFO] ApiDb:240 - Found 880 in-development CPN: [B-G473E-ZEST1S, B-WB1M-WPAN1, B-WBA5M-WPAN, B-WL5M-SUBG1, NUCLEO-C031C6, NUCLEO-C051C8, NUCLEO-C071RB, NUCLEO-C092RC, NUCLEO-H503RB, NUCLEO-H533RE, NUCLEO-H563ZI, NUCLEO-H7S3L8, NUCLEO-N657X0-Q, NUCLEO-U031R8, NUCLEO-U083RC, NUCLEO-U385RG-Q, NUCLEO-U545RE-Q, NUCLEO-U5A5ZJ-Q, NUCLEO-WB05KZ, NUCLEO-WB07CC, NUCLEO-WB09KE, NUCLEO-WBA52CG, NUCLEO-WBA55CG, NUCLEO-WL33CC1, NUCLEO-WL33CC2, STEVAL-PROTEUS1, STEVAL-SMARTAG2, STEVAL-STWINBX1, STM320518-EVAL, STM32C0116-DK, STM32C011D6Y3TR, STM32C011D6Y6TR, STM32C011F4P3, STM32C011F4P6, STM32C011F4U3, STM32C011F4U6TR, STM32C011F6P3, STM32C011F6P6, STM32C011F6U3, STM32C011F6U6TR, STM32C011J4M3, STM32C011J4M6, STM32C011J6M3, STM32C011J6M6, STM32C0316-DK, STM32C031C4T3, STM32C031C4T6, STM32C031C4U3, STM32C031C4U6, STM32C031C6T3, STM32C031C6T6, STM32C031C6U3, STM32C031C6U6, STM32C031F4P3, STM32C031F4P6, STM32C031F6P3, STM32C031F6P6, STM32C031G4U3, STM32C031G4U6, STM32C031G6U3, STM32C031G6U6, STM32C031K4T3, STM32C031K4T6, STM32C031K4U3, STM32C031K4U6, STM32C031K6T3, STM32C031K6T6, STM32C031K6U3, STM32C031K6U6, STM32C051C6T6, STM32C051C6U6, STM32C051C8T6, STM32C051C8U6, STM32C051D8Y6TR, STM32C051F6P6, STM32C051F8P6, STM32C051G6U6, STM32C051G8U6, STM32C051K6T6, STM32C051K6U6, STM32C051K8T6, STM32C071C8T6, STM32C071C8T6N, STM32C071C8U6, STM32C071C8U6N, STM32C071CBT6, STM32C071CBT6N, STM32C071CBU6, STM32C071CBU6N, STM32C071F8P6, STM32C071F8P6N, STM32C071FBP6, STM32C071FBP6N, STM32C071FBY6TR, STM32C071G8U6, STM32C071G8U6N, STM32C071GBU6, STM32C071GBU6N, STM32C071K8T6, STM32C071K8T6N, STM32C071K8U6, STM32C071K8U6N, STM32C071KBT6, STM32C071KBT6N, STM32C071KBU6, STM32C071KBU6N, STM32C071R8T6, STM32C071R8T6N, STM32C071RBI6N, STM32C071RBT6, STM32C071RBT6N, STM32C091CBT6, STM32C091CBU6, STM32C091CCT6, STM32C091CCU6, STM32C091ECY6TR, STM32C091FBP6, STM32C091FCP6, STM32C091GBU6, STM32C091GCU6, STM32C091KBT6, STM32C091KBU6, STM32C091KCT6, STM32C091KCU6, STM32C091RBT6, STM32C091RCI6, STM32C091RCT6, STM32C092CBT6, STM32C092CBU6, STM32C092CCT6, STM32C092CCU6, STM32C092ECY6TR, STM32C092FBP6, STM32C092FCP6, STM32C092GBU6, STM32C092GCU6, STM32C092KBT6, STM32C092KBU6, STM32C092KCT6, STM32C092KCU6, STM32C092RBT6, STM32C092RCI6, STM32C092RCT6, STM32G071K8TXN, STM32G071K8UXN, STM32G081GBU6N, STM32G081KBT6N, STM32G081KBUXN, STM32G0B1CCT6N, STM32G0B1KCT6, STM32G0B1NEY6TR, STM32G0B1RCT6N, STM32G0C1CCT6, STM32G0C1CCT6N, STM32G0C1CCU6N, STM32G0C1CET6N, STM32G0C1CEU6N, STM32G0C1KCT6, STM32G0C1NEY6TR, STM32G0C1RCI6N, STM32G0C1RCT6N, STM32G0C1REI6N, STM32G0C1RET6N, STM32G0C1VCI6, STM32G0C1VEI6, STM32G411C6T3, STM32G411C6T6, STM32G411C6U3, STM32G411C6U6, STM32G411C8T3, STM32G411C8T6, STM32G411C8U3, STM32G411C8U6, STM32G411CBT3, STM32G411CBT6, STM32G411CBU3, STM32G411CBU6, STM32G411K6T3, STM32G411K6T6, STM32G411K6U3, STM32G411K6U6, STM32G411K8T3, STM32G411K8T6, STM32G411K8U3, STM32G411K8U6, STM32G411KBT3, STM32G411KBT6, STM32G411KBU3, STM32G411KBU6, STM32G411M6T3, STM32G411M6T6, STM32G411M8T3, STM32G411M8T6, STM32G411MBT3, STM32G411MBT6, STM32G411R6T3, STM32G411R6T6, STM32G411R8T3, STM32G411R8T6, STM32G411RBT3, STM32G411RBT6, STM32G414CBT3, STM32G414CBT6, STM32G414CBU3, STM32G414CBU6, STM32G414CCT3, STM32G414CCT6, STM32G414CCU3, STM32G414CCU6, STM32G414MBT3, STM32G414MBT6, STM32G414MCT3, STM32G414MCT6, STM32G414RBT3, STM32G414RBT6, STM32G414RCT3, STM32G414RCT6, STM32G414VBT3, STM32G414VBT6, STM32G414VCT3, STM32G414VCT6, STM32G431CBT3Z, STM32G431RBT3Z, STM32G471CCT6, STM32G471CCU6, STM32G471CET3, STM32G471CET6, STM32G471CEU3, STM32G471CEU6, STM32G471MCT6, STM32G471MET3, STM32G471MET6, STM32G471MEY6TR, STM32G471QCT6, STM32G471QET3, STM32G471RCT6, STM32G471RET3, STM32G471RET6, STM32G471VCH6, STM32G471VCI6, STM32G471VCT6, STM32G471VEH3, STM32G471VEH6, STM32G471VEI3, STM32G471VEI6, STM32G471VET3, STM32G471VET6, STM32G473QET3Z, STM32G473RET3Z, STM32G474CCT6, STM32G491RET3Z, STM32H503CBT6, STM32H503CBU6, STM32H503EBY6TR, STM32H503KBU6, STM32H503RBT6, STM32H523CCT6, STM32H523CCU6, STM32H523CET6, STM32H523CEU6, STM32H523HEY6TR, STM32H523RCT6, STM32H523RET6, STM32H523VCI6, STM32H523VCT6, STM32H523VEI6, STM32H523VET6, STM32H523ZCJ6, STM32H523ZCT6, STM32H523ZEJ6, STM32H523ZET6, STM32H533CET6, STM32H533CEU6, STM32H533HEY6TR, STM32H533RET6, STM32H533VEI6, STM32H533VET6, STM32H533ZEJ6, STM32H533ZET6, STM32H562AGI6, STM32H562AII6, STM32H562IGK6, STM32H562IGT6, STM32H562IIK6, STM32H562IIT6, STM32H562RGT6, STM32H562RGV6, STM32H562RIT6, STM32H562RIV6, STM32H562VGT6, STM32H562VIT6, STM32H562ZGT6, STM32H562ZIT6, STM32H563AGI6, STM32H563AII3Q, STM32H563AII6, STM32H563IGK6, STM32H563IGT6, STM32H563IIK3Q, STM32H563IIK6, STM32H563IIT3Q, STM32H563IIT6, STM32H563MIY3QTR, STM32H563RGT6, STM32H563RGV6, STM32H563RIT6, STM32H563RIV6, STM32H563VGT6, STM32H563VIT3Q, STM32H563VIT6, STM32H563ZGT6, STM32H563ZIT3Q, STM32H563ZIT6, STM32H573AII3Q, STM32H573AII6, STM32H573I-DK, STM32H573IIK3Q, STM32H573IIK6, STM32H573IIT3Q, STM32H573IIT6, STM32H573MIY3QTR, STM32H573RIT6, STM32H573RIV6, STM32H573VIT3Q, STM32H573VIT6, STM32H573ZIT3Q, STM32H573ZIT6, STM32H7R3A8I6, STM32H7R3I8K6, STM32H7R3I8T6, STM32H7R3L8H6, STM32H7R3L8H6H, STM32H7R3R8V6, STM32H7R3V8H6, STM32H7R3V8T6, STM32H7R3V8Y6TR, STM32H7R3Z8J6, STM32H7R3Z8T6, STM32H7R7A8I6, STM32H7R7I8K6, STM32H7R7I8T6, STM32H7R7L8H6, STM32H7R7L8H6H, STM32H7R7Z8J6, STM32H7S3A8I6, STM32H7S3I8K6, STM32H7S3I8T6, STM32H7S3L8H6, STM32H7S3L8H6H, STM32H7S3R8V6, STM32H7S3V8H6, STM32H7S3V8T6, STM32H7S3V8Y6TR, STM32H7S3Z8J6, STM32H7S3Z8T6, STM32H7S78-DK, STM32H7S7A8I6, STM32H7S7I8K6, STM32H7S7I8T6, STM32H7S7L8H6, STM32H7S7L8H6H, STM32H7S7Z8J6, STM32L4R5QGI6STR, STM32MP131AAE3, STM32MP131AAF3, STM32MP131AAG3, STM32MP131CAE3, STM32MP131CAF3, STM32MP131CAG3, STM32MP131DAE7, STM32MP131DAF7, STM32MP131DAG7, STM32MP131FAE7, STM32MP131FAF7, STM32MP131FAG7, STM32MP133AAE3, STM32MP133AAF3, STM32MP133AAG3, STM32MP133CAE3, STM32MP133CAF3, STM32MP133CAG3, STM32MP133DAE7, STM32MP133DAF7, STM32MP133DAG7, STM32MP133FAE7, STM32MP133FAF7, STM32MP133FAG7, STM32MP135AAE3, STM32MP135AAF3, STM32MP135AAG3, STM32MP135CAE3, STM32MP135CAF3, STM32MP135CAG3, STM32MP135DAE7, STM32MP135DAF7, STM32MP135DAG7, STM32MP135F-DK, STM32MP135FAE7, STM32MP135FAF7, STM32MP135FAF7T, STM32MP135FAF7U, STM32MP135FAG7, STM32MP211AAL3, STM32MP211AAM3, STM32MP211AAN3, STM32MP211AAO3, STM32MP211CAL3, STM32MP211CAM3, STM32MP211CAN3, STM32MP211CAO3, STM32MP211DAL3, STM32MP211DAM3, STM32MP211DAN3, STM32MP211DAO3, STM32MP211FAL3, STM32MP211FAM3, STM32MP211FAN3, STM32MP211FAO3, STM32MP213AAL3, STM32MP213AAM3, STM32MP213AAN3, STM32MP213AAO3, STM32MP213CAL3, STM32MP213CAM3, STM32MP213CAN3, STM32MP213CAO3, STM32MP213DAL3, STM32MP213DAM3, STM32MP213DAN3, STM32MP213DAO3, STM32MP213FAL3, STM32MP213FAM3, STM32MP213FAN3, STM32MP213FAO3, STM32MP215AAL3, STM32MP215AAM3, STM32MP215AAN3, STM32MP215AAO3, STM32MP215CAL3, STM32MP215CAM3, STM32MP215CAN3, STM32MP215CAO3, STM32MP215DAL3, STM32MP215DAM3, STM32MP215DAN3, STM32MP215DAO3, STM32MP215F-DK, STM32MP215FAL3, STM32MP215FAM3, STM32MP215FAN3, STM32MP215FAO3, STM32MP231AAJ3, STM32MP231AAK3, STM32MP231AAL3, STM32MP231CAJ3, STM32MP231CAK3, STM32MP231CAL3, STM32MP231DAJ3, STM32MP231DAK3, STM32MP231DAL3, STM32MP231FAJ3, STM32MP231FAK3, STM32MP231FAL3, STM32MP233AAJ3, STM32MP233AAK3, STM32MP233AAL3, STM32MP233CAJ3, STM32MP233CAK3, STM32MP233CAL3, STM32MP233DAJ3, STM32MP233DAK3, STM32MP233DAL3, STM32MP233FAJ3, STM32MP233FAK3, STM32MP233FAL3, STM32MP235AAJ3, STM32MP235AAK3, STM32MP235AAL3, STM32MP235CAJ3, STM32MP235CAK3, STM32MP235CAL3, STM32MP235DAJ3, STM32MP235DAK3, STM32MP235DAL3, STM32MP235FAJ3, STM32MP235FAK3, STM32MP235FAL3, STM32MP251AAI3, STM32MP251AAK3, STM32MP251AAL3, STM32MP251CAI3, STM32MP251CAK3, STM32MP251CAL3, STM32MP251DAI3, STM32MP251DAK3, STM32MP251DAL3, STM32MP251FAI3, STM32MP251FAK3, STM32MP251FAL3, STM32MP253AAI3, STM32MP253AAK3, STM32MP253AAL3, STM32MP253CAI3, STM32MP253CAK3, STM32MP253CAL3, STM32MP253DAI3, STM32MP253DAK3, STM32MP253DAL3, STM32MP253FAI3, STM32MP253FAK3, STM32MP253FAL3, STM32MP255AAI3, STM32MP255AAK3, STM32MP255AAL3, STM32MP255CAI3, STM32MP255CAK3, STM32MP255CAL3, STM32MP255DAI3, STM32MP255DAK3, STM32MP255DAL3, STM32MP255FAI3, STM32MP255FAK3, STM32MP255FAL3, STM32MP257AAI3, STM32MP257AAK3, STM32MP257AAL3, STM32MP257CAI3, STM32MP257CAK3, STM32MP257CAL3, STM32MP257DAI3, STM32MP257DAK3, STM32MP257DAL3, STM32MP257F-DK, STM32MP257F-EV1, STM32MP257FAI3, STM32MP257FAK3, STM32MP257FAL3, STM32N645A0H3Q, STM32N645B0H3Q, STM32N645I0H3Q, STM32N645L0H3Q, STM32N645X0H3Q, STM32N645Z0H3Q, STM32N647A0H3Q, STM32N647B0H3Q, STM32N647I0H3Q, STM32N647L0H3Q, STM32N647X0H3Q, STM32N647Z0H3Q, STM32N655A0H3Q, STM32N655B0H3Q, STM32N655I0H3Q, STM32N655L0H3Q, STM32N655X0H3Q, STM32N655Z0H3Q, STM32N6570-DK, STM32N657A0H3Q, STM32N657B0H3Q, STM32N657I0H3Q, STM32N657L0H3Q, STM32N657X0H3Q, STM32N657Z0H3Q, STM32U031C6T6, STM32U031C6U6, STM32U031C8T6, STM32U031C8U6, STM32U031F4P6, STM32U031F6P6, STM32U031F8P6, STM32U031G6Y6TR, STM32U031G8Y6TR, STM32U031K4U6, STM32U031K6U6, STM32U031K8U6, STM32U031R6I6, STM32U031R6T6, STM32U031R8I6, STM32U031R8T6, STM32U073C8T6, STM32U073C8U6, STM32U073CBT6, STM32U073CBU6, STM32U073CCT6, STM32U073CCU6, STM32U073H8Y6TR, STM32U073HBY6TR, STM32U073HCY6TR, STM32U073K8U6, STM32U073KBU6, STM32U073KCU6, STM32U073M8I6, STM32U073M8T6, STM32U073MBI6, STM32U073MBT6, STM32U073MCI6, STM32U073MCT6, STM32U073R8I6, STM32U073R8T6, STM32U073RBI6, STM32U073RBT6, STM32U073RCI6, STM32U073RCT6, STM32U083C-DK, STM32U083CCT6, STM32U083CCU6, STM32U083HCY6TR, STM32U083KCU6, STM32U083MCI6, STM32U083MCT6, STM32U083RCI6, STM32U083RCT6, STM32U375CET6, STM32U375CET6Q, STM32U375CEU6, STM32U375CEU6Q, STM32U375CEY6QTR, STM32U375CGT6, STM32U375CGT6Q, STM32U375CGU6, STM32U375CGU6Q, STM32U375CGY6QTR, STM32U375KEU6, STM32U375KGU6, STM32U375REI6, STM32U375REI6Q, STM32U375RET6, STM32U375RET6Q, STM32U375REY6GTR, STM32U375REY6QTR, STM32U375RGI6, STM32U375RGI6Q, STM32U375RGT6, STM32U375RGT6Q, STM32U375RGY6GTR, STM32U375RGY6QTR, STM32U375VEI6, STM32U375VEI6Q, STM32U375VET6, STM32U375VET6Q, STM32U375VGI6, STM32U375VGI6Q, STM32U375VGT6, STM32U375VGT6Q, STM32U385CGT6, STM32U385CGT6Q, STM32U385CGU6, STM32U385CGU6Q, STM32U385CGY6QTR, STM32U385KGU6, STM32U385RGI6, STM32U385RGI6Q, STM32U385RGT6, STM32U385RGT6Q, STM32U385RGY6GTR, STM32U385RGY6QTR, STM32U385VGI6, STM32U385VGI6Q, STM32U385VGT6, STM32U385VGT6Q, STM32U535CBT6, STM32U535CBT6Q, STM32U535CBU6, STM32U535CBU6Q, STM32U535CCT6, STM32U535CCT6Q, STM32U535CCU6, STM32U535CCU6Q, STM32U535CET6, STM32U535CET6Q, STM32U535CEU6, STM32U535CEU6Q, STM32U535JEY6QTR, STM32U535NCY6QTR, STM32U535NEY6QTR, STM32U535RBI6, STM32U535RBI6Q, STM32U535RBT6, STM32U535RBT6Q, STM32U535RCI6, STM32U535RCI6Q, STM32U535RCT6, STM32U535RCT6Q, STM32U535REI6, STM32U535REI6Q, STM32U535RET6, STM32U535RET6Q, STM32U535VCI6, STM32U535VCI6Q, STM32U535VCT6, STM32U535VCT6Q, STM32U535VEI6, STM32U535VEI6Q, STM32U535VET6, STM32U535VET6Q, STM32U545CET6, STM32U545CET6Q, STM32U545CEU6, STM32U545CEU6Q, STM32U545JEY6QTR, STM32U545NEY6QTR, STM32U545REI6, STM32U545REI6Q, STM32U545RET6, STM32U545RET6Q, STM32U545VEI6, STM32U545VEI6Q, STM32U545VET6, STM32U545VET6Q, STM32U595AIH6, STM32U595AIH6Q, STM32U595AJH6, STM32U595AJH6Q, STM32U595QII6, STM32U595QII6Q, STM32U595QJI6, STM32U595QJI6Q, STM32U595RIT6, STM32U595RIT6Q, STM32U595RJT6, STM32U595RJT6Q, STM32U595VIT6, STM32U595VIT6Q, STM32U595VJT6, STM32U595VJT6Q, STM32U595ZIT6, STM32U595ZIT6Q, STM32U595ZIY6QTR, STM32U595ZJT6, STM32U595ZJT6Q, STM32U595ZJY6QTR, STM32U599BJY6QTR, STM32U599NIH6Q, STM32U599NJH6Q, STM32U599VIT6Q, STM32U599VJT6, STM32U599VJT6Q, STM32U599ZIT6Q, STM32U599ZIY6QTR, STM32U599ZJT6Q, STM32U599ZJY6QTR, STM32U5A5AJH6, STM32U5A5AJH6Q, STM32U5A5QII3Q , STM32U5A5QJI6, STM32U5A5QJI6Q, STM32U5A5RJT6, STM32U5A5RJT6Q, STM32U5A5VJT6, STM32U5A5VJT6Q, STM32U5A5ZJT6, STM32U5A5ZJT6Q, STM32U5A5ZJY6QTR, STM32U5A9BJY6QTR, STM32U5A9J-DK, STM32U5A9NJH6Q, STM32U5A9VJT6Q, STM32U5A9ZJT6Q, STM32U5A9ZJY6QTR, STM32U5F7VIT6, STM32U5F7VIT6Q, STM32U5F7VJT6, STM32U5F7VJT6Q, STM32U5F9BJY6QTR, STM32U5F9NJH6Q, STM32U5F9VIT6Q, STM32U5F9VJT6Q, STM32U5F9ZIJ6QTR, STM32U5F9ZIT6Q, STM32U5F9ZJJ6QTR, STM32U5F9ZJT6Q, STM32U5G7VJT6, STM32U5G7VJT6Q, STM32U5G9BJY6QTR, STM32U5G9J-DK1, STM32U5G9J-DK2, STM32U5G9NJH6Q, STM32U5G9VJT6Q, STM32U5G9ZJJ6QTR, STM32U5G9ZJT6Q, STM32WB05KZV6TR, STM32WB05KZV7TR, STM32WB05TZF6TR, STM32WB05TZF7TR, STM32WB06CCF6TR, STM32WB06CCF7TR, STM32WB06CCV6TR, STM32WB06CCV7TR, STM32WB06KCV6TR, STM32WB06KCV7TR, STM32WB07CCF6TR, STM32WB07CCF7TR, STM32WB07CCV6TR, STM32WB07CCV7TR, STM32WB07KCV6TR, STM32WB07KCV7TR, STM32WB09KEV6TR, STM32WB09KEV7TR, STM32WB09TEF6TR, STM32WB09TEF7TR, STM32WB1MMCH6, STM32WBA50KGU6, STM32WBA50KGU6TR, STM32WBA52CEU6, STM32WBA52CEU6TR, STM32WBA52CEU7, STM32WBA52CEU7TR, STM32WBA52CGU6, STM32WBA52CGU6TR, STM32WBA52CGU6U, STM32WBA52CGU7, STM32WBA52CGU7TR, STM32WBA52KEU6, STM32WBA52KEU6TR, STM32WBA52KGU6, STM32WBA52KGU6TR, STM32WBA54CEU6, STM32WBA54CEU6TR, STM32WBA54CEU7, STM32WBA54CEU7TR, STM32WBA54CGU6, STM32WBA54CGU6TR, STM32WBA54CGU7, STM32WBA54CGU7TR, STM32WBA54KEU6, STM32WBA54KEU6TR, STM32WBA54KEU7, STM32WBA54KEU7TR, STM32WBA54KGU6, STM32WBA54KGU6TR, STM32WBA54KGU7, STM32WBA54KGU7TR, STM32WBA55CEU6, STM32WBA55CEU6TR, STM32WBA55CEU7, STM32WBA55CEU7TR, STM32WBA55CGU6, STM32WBA55CGU6TR, STM32WBA55CGU6U, STM32WBA55CGU7, STM32WBA55CGU7TR, STM32WBA55G-DK1, STM32WBA55HEF6, STM32WBA55HEF7, STM32WBA55HGF6, STM32WBA55HGF7, STM32WBA55UEI6, STM32WBA55UEI6TR, STM32WBA55UEI7, STM32WBA55UEI7TR, STM32WBA55UGI6, STM32WBA55UGI6TR, STM32WBA55UGI7, STM32WBA55UGI7TR, STM32WBA5MMGH6TR, STM32WBA62MGF6, STM32WBA62MIF6, STM32WBA65MGF7, STM32WBA65MIF6, STM32WBA65MIF7, STM32WL30K8V6, STM32WL30KBV6, STM32WL31C8V6, STM32WL31CBV6, STM32WL31K8V6, STM32WL31KBV6, STM32WL33C8V6, STM32WL33C8V6X, STM32WL33CBV6, STM32WL33CBV6X, STM32WL33CCV6, STM32WL33CCV6A, STM32WL33CCV6X, STM32WL33K8V7, STM32WL33K8V7X, STM32WL33KBV7 , STM32WL33KBV7X, STM32WL33KCV7, STM32WL33KCV7X, STM32WL5MOCH6, STM32WL5MOCH6TR]
2026-04-22 13:50:48,978 [INFO] DbMcus:218 - Found 5055 MCUs, 4968 are supported
2026-04-22 13:50:48,979 [INFO] ApiDb:423 - Load user favorites file C:\Users\marin/.stm32cubeide/favorites.mcus.txt: 0 item(s)
2026-04-22 13:50:48,980 [INFO] ApiDb:427 - User favorites MCUs=[]
2026-04-22 13:50:48,982 [INFO] DbMcus:224 - Set 0 / 0 favorites MCUs
2026-04-22 13:50:50,259 [INFO] ApiDb:668 - CubeFinder database Data Model version=2.1
2026-04-22 13:50:50,259 [INFO] ApiDb:669 - CubeFinder database Configuration version=3.0.42
2026-04-22 13:50:50,259 [INFO] ApiDb:670 - CubeFinder database generation date=2026-03-11 (1773229989)
2026-04-22 13:50:50,260 [INFO] ApiDb:671 - CubeFinder database FW Pack versions=[FP-ATR-ASTRA1_V2.0.0, FP-SNS-FLIGHT1_V5.1.0, FP-SNS-MOTENV1_V5.1.0, FP-SNS-MOTENVWB1_V1.5.0, FP-SNS-SMARTAG2_V1.2.0, FP-SNS-STBOX1_V2.1.0, STM32Cube_FW_C0_V1.4.0, STM32Cube_FW_F4_V1.28.3, STM32Cube_FW_F7_V1.17.4, STM32Cube_FW_G0_V1.6.3, STM32Cube_FW_G4_V1.6.2, STM32Cube_FW_H5_V1.6.0, STM32Cube_FW_H7RS_V1.3.0, STM32Cube_FW_H7_V1.13.0, STM32Cube_FW_L0_V1.12.2, STM32Cube_FW_L4_V1.18.2, STM32Cube_FW_L5_V1.6.0, STM32Cube_FW_N6_V1.3.0, STM32Cube_FW_U0_V1.3.0, STM32Cube_FW_U3_V1.3.0, STM32Cube_FW_U5_V1.8.0, STM32Cube_FW_WB0_V1.4.0, STM32Cube_FW_WBA_V1.9.0, STM32Cube_FW_WB_V1.24.0, STM32Cube_FW_WL3_V1.4.0, STM32Cube_FW_WL_V1.5.0, X-CUBE-ALGOBUILD_V1.4.0, X-CUBE-ALS_V1.0.2, X-CUBE-AZRTOS-F4_V1.1.0, X-CUBE-AZRTOS-F7_V1.1.0, X-CUBE-AZRTOS-G0_V1.1.0, X-CUBE-AZRTOS-G4_V2.0.0, X-CUBE-AZRTOS-H7RS_V1.1.0, X-CUBE-AZRTOS-H7_V3.4.0, X-CUBE-AZRTOS-L4_V2.0.0, X-CUBE-AZRTOS-L5_V2.0.0, X-CUBE-AZRTOS-WB_V2.0.0, X-CUBE-AZRTOS-WL_V2.0.0, X-CUBE-BLE1_V7.1.0, X-CUBE-BLE2_V3.3.0, X-CUBE-BLEMGR_V4.1.0, X-CUBE-EEPRMA1_V5.2.0, X-CUBE-FREERTOS_V1.5.0, X-CUBE-GNSS1_V6.0.0, X-CUBE-MEMS1_V12.0.0, X-CUBE-NFC4_V3.0.0, X-CUBE-NFC7_V2.0.0, X-CUBE-SFXS2LP1_V4.0.0, X-CUBE-ST67W61_V1.2.0, X-CUBE-SUBG2_V5.0.0, X-CUBE-TOF1_V3.4.3]
2026-04-22 13:50:50,416 [INFO] DbBoardsSqlite:226 - include board P-NUCLEO-WB55-NUCLEO as a kit item of type 'Nucleo-64'
2026-04-22 13:50:50,417 [INFO] DbBoardsSqlite:226 - include board P-NUCLEO-WB55-USBDONGLE as a kit item of type 'Nucleo USB Dongle'
2026-04-22 13:50:50,417 [INFO] DbBoardsSqlite:226 - include board STEVAL-IDP005V1 as a kit item of type 'Evaluation Board'
2026-04-22 13:50:50,418 [INFO] DbBoardsSqlite:226 - include board STEVAL-IDP005V2 as a kit item of type 'Evaluation Board'
2026-04-22 13:50:50,616 [INFO] ApiDb:240 - Found 880 in-development CPN: [B-G473E-ZEST1S, B-WB1M-WPAN1, B-WBA5M-WPAN, B-WL5M-SUBG1, NUCLEO-C031C6, NUCLEO-C051C8, NUCLEO-C071RB, NUCLEO-C092RC, NUCLEO-H503RB, NUCLEO-H533RE, NUCLEO-H563ZI, NUCLEO-H7S3L8, NUCLEO-N657X0-Q, NUCLEO-U031R8, NUCLEO-U083RC, NUCLEO-U385RG-Q, NUCLEO-U545RE-Q, NUCLEO-U5A5ZJ-Q, NUCLEO-WB05KZ, NUCLEO-WB07CC, NUCLEO-WB09KE, NUCLEO-WBA52CG, NUCLEO-WBA55CG, NUCLEO-WL33CC1, NUCLEO-WL33CC2, STEVAL-PROTEUS1, STEVAL-SMARTAG2, STEVAL-STWINBX1, STM320518-EVAL, STM32C0116-DK, STM32C011D6Y3TR, STM32C011D6Y6TR, STM32C011F4P3, STM32C011F4P6, STM32C011F4U3, STM32C011F4U6TR, STM32C011F6P3, STM32C011F6P6, STM32C011F6U3, STM32C011F6U6TR, STM32C011J4M3, STM32C011J4M6, STM32C011J6M3, STM32C011J6M6, STM32C0316-DK, STM32C031C4T3, STM32C031C4T6, STM32C031C4U3, STM32C031C4U6, STM32C031C6T3, STM32C031C6T6, STM32C031C6U3, STM32C031C6U6, STM32C031F4P3, STM32C031F4P6, STM32C031F6P3, STM32C031F6P6, STM32C031G4U3, STM32C031G4U6, STM32C031G6U3, STM32C031G6U6, STM32C031K4T3, STM32C031K4T6, STM32C031K4U3, STM32C031K4U6, STM32C031K6T3, STM32C031K6T6, STM32C031K6U3, STM32C031K6U6, STM32C051C6T6, STM32C051C6U6, STM32C051C8T6, STM32C051C8U6, STM32C051D8Y6TR, STM32C051F6P6, STM32C051F8P6, STM32C051G6U6, STM32C051G8U6, STM32C051K6T6, STM32C051K6U6, STM32C051K8T6, STM32C071C8T6, STM32C071C8T6N, STM32C071C8U6, STM32C071C8U6N, STM32C071CBT6, STM32C071CBT6N, STM32C071CBU6, STM32C071CBU6N, STM32C071F8P6, STM32C071F8P6N, STM32C071FBP6, STM32C071FBP6N, STM32C071FBY6TR, STM32C071G8U6, STM32C071G8U6N, STM32C071GBU6, STM32C071GBU6N, STM32C071K8T6, STM32C071K8T6N, STM32C071K8U6, STM32C071K8U6N, STM32C071KBT6, STM32C071KBT6N, STM32C071KBU6, STM32C071KBU6N, STM32C071R8T6, STM32C071R8T6N, STM32C071RBI6N, STM32C071RBT6, STM32C071RBT6N, STM32C091CBT6, STM32C091CBU6, STM32C091CCT6, STM32C091CCU6, STM32C091ECY6TR, STM32C091FBP6, STM32C091FCP6, STM32C091GBU6, STM32C091GCU6, STM32C091KBT6, STM32C091KBU6, STM32C091KCT6, STM32C091KCU6, STM32C091RBT6, STM32C091RCI6, STM32C091RCT6, STM32C092CBT6, STM32C092CBU6, STM32C092CCT6, STM32C092CCU6, STM32C092ECY6TR, STM32C092FBP6, STM32C092FCP6, STM32C092GBU6, STM32C092GCU6, STM32C092KBT6, STM32C092KBU6, STM32C092KCT6, STM32C092KCU6, STM32C092RBT6, STM32C092RCI6, STM32C092RCT6, STM32G071K8TXN, STM32G071K8UXN, STM32G081GBU6N, STM32G081KBT6N, STM32G081KBUXN, STM32G0B1CCT6N, STM32G0B1KCT6, STM32G0B1NEY6TR, STM32G0B1RCT6N, STM32G0C1CCT6, STM32G0C1CCT6N, STM32G0C1CCU6N, STM32G0C1CET6N, STM32G0C1CEU6N, STM32G0C1KCT6, STM32G0C1NEY6TR, STM32G0C1RCI6N, STM32G0C1RCT6N, STM32G0C1REI6N, STM32G0C1RET6N, STM32G0C1VCI6, STM32G0C1VEI6, STM32G411C6T3, STM32G411C6T6, STM32G411C6U3, STM32G411C6U6, STM32G411C8T3, STM32G411C8T6, STM32G411C8U3, STM32G411C8U6, STM32G411CBT3, STM32G411CBT6, STM32G411CBU3, STM32G411CBU6, STM32G411K6T3, STM32G411K6T6, STM32G411K6U3, STM32G411K6U6, STM32G411K8T3, STM32G411K8T6, STM32G411K8U3, STM32G411K8U6, STM32G411KBT3, STM32G411KBT6, STM32G411KBU3, STM32G411KBU6, STM32G411M6T3, STM32G411M6T6, STM32G411M8T3, STM32G411M8T6, STM32G411MBT3, STM32G411MBT6, STM32G411R6T3, STM32G411R6T6, STM32G411R8T3, STM32G411R8T6, STM32G411RBT3, STM32G411RBT6, STM32G414CBT3, STM32G414CBT6, STM32G414CBU3, STM32G414CBU6, STM32G414CCT3, STM32G414CCT6, STM32G414CCU3, STM32G414CCU6, STM32G414MBT3, STM32G414MBT6, STM32G414MCT3, STM32G414MCT6, STM32G414RBT3, STM32G414RBT6, STM32G414RCT3, STM32G414RCT6, STM32G414VBT3, STM32G414VBT6, STM32G414VCT3, STM32G414VCT6, STM32G431CBT3Z, STM32G431RBT3Z, STM32G471CCT6, STM32G471CCU6, STM32G471CET3, STM32G471CET6, STM32G471CEU3, STM32G471CEU6, STM32G471MCT6, STM32G471MET3, STM32G471MET6, STM32G471MEY6TR, STM32G471QCT6, STM32G471QET3, STM32G471RCT6, STM32G471RET3, STM32G471RET6, STM32G471VCH6, STM32G471VCI6, STM32G471VCT6, STM32G471VEH3, STM32G471VEH6, STM32G471VEI3, STM32G471VEI6, STM32G471VET3, STM32G471VET6, STM32G473QET3Z, STM32G473RET3Z, STM32G474CCT6, STM32G491RET3Z, STM32H503CBT6, STM32H503CBU6, STM32H503EBY6TR, STM32H503KBU6, STM32H503RBT6, STM32H523CCT6, STM32H523CCU6, STM32H523CET6, STM32H523CEU6, STM32H523HEY6TR, STM32H523RCT6, STM32H523RET6, STM32H523VCI6, STM32H523VCT6, STM32H523VEI6, STM32H523VET6, STM32H523ZCJ6, STM32H523ZCT6, STM32H523ZEJ6, STM32H523ZET6, STM32H533CET6, STM32H533CEU6, STM32H533HEY6TR, STM32H533RET6, STM32H533VEI6, STM32H533VET6, STM32H533ZEJ6, STM32H533ZET6, STM32H562AGI6, STM32H562AII6, STM32H562IGK6, STM32H562IGT6, STM32H562IIK6, STM32H562IIT6, STM32H562RGT6, STM32H562RGV6, STM32H562RIT6, STM32H562RIV6, STM32H562VGT6, STM32H562VIT6, STM32H562ZGT6, STM32H562ZIT6, STM32H563AGI6, STM32H563AII3Q, STM32H563AII6, STM32H563IGK6, STM32H563IGT6, STM32H563IIK3Q, STM32H563IIK6, STM32H563IIT3Q, STM32H563IIT6, STM32H563MIY3QTR, STM32H563RGT6, STM32H563RGV6, STM32H563RIT6, STM32H563RIV6, STM32H563VGT6, STM32H563VIT3Q, STM32H563VIT6, STM32H563ZGT6, STM32H563ZIT3Q, STM32H563ZIT6, STM32H573AII3Q, STM32H573AII6, STM32H573I-DK, STM32H573IIK3Q, STM32H573IIK6, STM32H573IIT3Q, STM32H573IIT6, STM32H573MIY3QTR, STM32H573RIT6, STM32H573RIV6, STM32H573VIT3Q, STM32H573VIT6, STM32H573ZIT3Q, STM32H573ZIT6, STM32H7R3A8I6, STM32H7R3I8K6, STM32H7R3I8T6, STM32H7R3L8H6, STM32H7R3L8H6H, STM32H7R3R8V6, STM32H7R3V8H6, STM32H7R3V8T6, STM32H7R3V8Y6TR, STM32H7R3Z8J6, STM32H7R3Z8T6, STM32H7R7A8I6, STM32H7R7I8K6, STM32H7R7I8T6, STM32H7R7L8H6, STM32H7R7L8H6H, STM32H7R7Z8J6, STM32H7S3A8I6, STM32H7S3I8K6, STM32H7S3I8T6, STM32H7S3L8H6, STM32H7S3L8H6H, STM32H7S3R8V6, STM32H7S3V8H6, STM32H7S3V8T6, STM32H7S3V8Y6TR, STM32H7S3Z8J6, STM32H7S3Z8T6, STM32H7S78-DK, STM32H7S7A8I6, STM32H7S7I8K6, STM32H7S7I8T6, STM32H7S7L8H6, STM32H7S7L8H6H, STM32H7S7Z8J6, STM32L4R5QGI6STR, STM32MP131AAE3, STM32MP131AAF3, STM32MP131AAG3, STM32MP131CAE3, STM32MP131CAF3, STM32MP131CAG3, STM32MP131DAE7, STM32MP131DAF7, STM32MP131DAG7, STM32MP131FAE7, STM32MP131FAF7, STM32MP131FAG7, STM32MP133AAE3, STM32MP133AAF3, STM32MP133AAG3, STM32MP133CAE3, STM32MP133CAF3, STM32MP133CAG3, STM32MP133DAE7, STM32MP133DAF7, STM32MP133DAG7, STM32MP133FAE7, STM32MP133FAF7, STM32MP133FAG7, STM32MP135AAE3, STM32MP135AAF3, STM32MP135AAG3, STM32MP135CAE3, STM32MP135CAF3, STM32MP135CAG3, STM32MP135DAE7, STM32MP135DAF7, STM32MP135DAG7, STM32MP135F-DK, STM32MP135FAE7, STM32MP135FAF7, STM32MP135FAF7T, STM32MP135FAF7U, STM32MP135FAG7, STM32MP211AAL3, STM32MP211AAM3, STM32MP211AAN3, STM32MP211AAO3, STM32MP211CAL3, STM32MP211CAM3, STM32MP211CAN3, STM32MP211CAO3, STM32MP211DAL3, STM32MP211DAM3, STM32MP211DAN3, STM32MP211DAO3, STM32MP211FAL3, STM32MP211FAM3, STM32MP211FAN3, STM32MP211FAO3, STM32MP213AAL3, STM32MP213AAM3, STM32MP213AAN3, STM32MP213AAO3, STM32MP213CAL3, STM32MP213CAM3, STM32MP213CAN3, STM32MP213CAO3, STM32MP213DAL3, STM32MP213DAM3, STM32MP213DAN3, STM32MP213DAO3, STM32MP213FAL3, STM32MP213FAM3, STM32MP213FAN3, STM32MP213FAO3, STM32MP215AAL3, STM32MP215AAM3, STM32MP215AAN3, STM32MP215AAO3, STM32MP215CAL3, STM32MP215CAM3, STM32MP215CAN3, STM32MP215CAO3, STM32MP215DAL3, STM32MP215DAM3, STM32MP215DAN3, STM32MP215DAO3, STM32MP215F-DK, STM32MP215FAL3, STM32MP215FAM3, STM32MP215FAN3, STM32MP215FAO3, STM32MP231AAJ3, STM32MP231AAK3, STM32MP231AAL3, STM32MP231CAJ3, STM32MP231CAK3, STM32MP231CAL3, STM32MP231DAJ3, STM32MP231DAK3, STM32MP231DAL3, STM32MP231FAJ3, STM32MP231FAK3, STM32MP231FAL3, STM32MP233AAJ3, STM32MP233AAK3, STM32MP233AAL3, STM32MP233CAJ3, STM32MP233CAK3, STM32MP233CAL3, STM32MP233DAJ3, STM32MP233DAK3, STM32MP233DAL3, STM32MP233FAJ3, STM32MP233FAK3, STM32MP233FAL3, STM32MP235AAJ3, STM32MP235AAK3, STM32MP235AAL3, STM32MP235CAJ3, STM32MP235CAK3, STM32MP235CAL3, STM32MP235DAJ3, STM32MP235DAK3, STM32MP235DAL3, STM32MP235FAJ3, STM32MP235FAK3, STM32MP235FAL3, STM32MP251AAI3, STM32MP251AAK3, STM32MP251AAL3, STM32MP251CAI3, STM32MP251CAK3, STM32MP251CAL3, STM32MP251DAI3, STM32MP251DAK3, STM32MP251DAL3, STM32MP251FAI3, STM32MP251FAK3, STM32MP251FAL3, STM32MP253AAI3, STM32MP253AAK3, STM32MP253AAL3, STM32MP253CAI3, STM32MP253CAK3, STM32MP253CAL3, STM32MP253DAI3, STM32MP253DAK3, STM32MP253DAL3, STM32MP253FAI3, STM32MP253FAK3, STM32MP253FAL3, STM32MP255AAI3, STM32MP255AAK3, STM32MP255AAL3, STM32MP255CAI3, STM32MP255CAK3, STM32MP255CAL3, STM32MP255DAI3, STM32MP255DAK3, STM32MP255DAL3, STM32MP255FAI3, STM32MP255FAK3, STM32MP255FAL3, STM32MP257AAI3, STM32MP257AAK3, STM32MP257AAL3, STM32MP257CAI3, STM32MP257CAK3, STM32MP257CAL3, STM32MP257DAI3, STM32MP257DAK3, STM32MP257DAL3, STM32MP257F-DK, STM32MP257F-EV1, STM32MP257FAI3, STM32MP257FAK3, STM32MP257FAL3, STM32N645A0H3Q, STM32N645B0H3Q, STM32N645I0H3Q, STM32N645L0H3Q, STM32N645X0H3Q, STM32N645Z0H3Q, STM32N647A0H3Q, STM32N647B0H3Q, STM32N647I0H3Q, STM32N647L0H3Q, STM32N647X0H3Q, STM32N647Z0H3Q, STM32N655A0H3Q, STM32N655B0H3Q, STM32N655I0H3Q, STM32N655L0H3Q, STM32N655X0H3Q, STM32N655Z0H3Q, STM32N6570-DK, STM32N657A0H3Q, STM32N657B0H3Q, STM32N657I0H3Q, STM32N657L0H3Q, STM32N657X0H3Q, STM32N657Z0H3Q, STM32U031C6T6, STM32U031C6U6, STM32U031C8T6, STM32U031C8U6, STM32U031F4P6, STM32U031F6P6, STM32U031F8P6, STM32U031G6Y6TR, STM32U031G8Y6TR, STM32U031K4U6, STM32U031K6U6, STM32U031K8U6, STM32U031R6I6, STM32U031R6T6, STM32U031R8I6, STM32U031R8T6, STM32U073C8T6, STM32U073C8U6, STM32U073CBT6, STM32U073CBU6, STM32U073CCT6, STM32U073CCU6, STM32U073H8Y6TR, STM32U073HBY6TR, STM32U073HCY6TR, STM32U073K8U6, STM32U073KBU6, STM32U073KCU6, STM32U073M8I6, STM32U073M8T6, STM32U073MBI6, STM32U073MBT6, STM32U073MCI6, STM32U073MCT6, STM32U073R8I6, STM32U073R8T6, STM32U073RBI6, STM32U073RBT6, STM32U073RCI6, STM32U073RCT6, STM32U083C-DK, STM32U083CCT6, STM32U083CCU6, STM32U083HCY6TR, STM32U083KCU6, STM32U083MCI6, STM32U083MCT6, STM32U083RCI6, STM32U083RCT6, STM32U375CET6, STM32U375CET6Q, STM32U375CEU6, STM32U375CEU6Q, STM32U375CEY6QTR, STM32U375CGT6, STM32U375CGT6Q, STM32U375CGU6, STM32U375CGU6Q, STM32U375CGY6QTR, STM32U375KEU6, STM32U375KGU6, STM32U375REI6, STM32U375REI6Q, STM32U375RET6, STM32U375RET6Q, STM32U375REY6GTR, STM32U375REY6QTR, STM32U375RGI6, STM32U375RGI6Q, STM32U375RGT6, STM32U375RGT6Q, STM32U375RGY6GTR, STM32U375RGY6QTR, STM32U375VEI6, STM32U375VEI6Q, STM32U375VET6, STM32U375VET6Q, STM32U375VGI6, STM32U375VGI6Q, STM32U375VGT6, STM32U375VGT6Q, STM32U385CGT6, STM32U385CGT6Q, STM32U385CGU6, STM32U385CGU6Q, STM32U385CGY6QTR, STM32U385KGU6, STM32U385RGI6, STM32U385RGI6Q, STM32U385RGT6, STM32U385RGT6Q, STM32U385RGY6GTR, STM32U385RGY6QTR, STM32U385VGI6, STM32U385VGI6Q, STM32U385VGT6, STM32U385VGT6Q, STM32U535CBT6, STM32U535CBT6Q, STM32U535CBU6, STM32U535CBU6Q, STM32U535CCT6, STM32U535CCT6Q, STM32U535CCU6, STM32U535CCU6Q, STM32U535CET6, STM32U535CET6Q, STM32U535CEU6, STM32U535CEU6Q, STM32U535JEY6QTR, STM32U535NCY6QTR, STM32U535NEY6QTR, STM32U535RBI6, STM32U535RBI6Q, STM32U535RBT6, STM32U535RBT6Q, STM32U535RCI6, STM32U535RCI6Q, STM32U535RCT6, STM32U535RCT6Q, STM32U535REI6, STM32U535REI6Q, STM32U535RET6, STM32U535RET6Q, STM32U535VCI6, STM32U535VCI6Q, STM32U535VCT6, STM32U535VCT6Q, STM32U535VEI6, STM32U535VEI6Q, STM32U535VET6, STM32U535VET6Q, STM32U545CET6, STM32U545CET6Q, STM32U545CEU6, STM32U545CEU6Q, STM32U545JEY6QTR, STM32U545NEY6QTR, STM32U545REI6, STM32U545REI6Q, STM32U545RET6, STM32U545RET6Q, STM32U545VEI6, STM32U545VEI6Q, STM32U545VET6, STM32U545VET6Q, STM32U595AIH6, STM32U595AIH6Q, STM32U595AJH6, STM32U595AJH6Q, STM32U595QII6, STM32U595QII6Q, STM32U595QJI6, STM32U595QJI6Q, STM32U595RIT6, STM32U595RIT6Q, STM32U595RJT6, STM32U595RJT6Q, STM32U595VIT6, STM32U595VIT6Q, STM32U595VJT6, STM32U595VJT6Q, STM32U595ZIT6, STM32U595ZIT6Q, STM32U595ZIY6QTR, STM32U595ZJT6, STM32U595ZJT6Q, STM32U595ZJY6QTR, STM32U599BJY6QTR, STM32U599NIH6Q, STM32U599NJH6Q, STM32U599VIT6Q, STM32U599VJT6, STM32U599VJT6Q, STM32U599ZIT6Q, STM32U599ZIY6QTR, STM32U599ZJT6Q, STM32U599ZJY6QTR, STM32U5A5AJH6, STM32U5A5AJH6Q, STM32U5A5QII3Q , STM32U5A5QJI6, STM32U5A5QJI6Q, STM32U5A5RJT6, STM32U5A5RJT6Q, STM32U5A5VJT6, STM32U5A5VJT6Q, STM32U5A5ZJT6, STM32U5A5ZJT6Q, STM32U5A5ZJY6QTR, STM32U5A9BJY6QTR, STM32U5A9J-DK, STM32U5A9NJH6Q, STM32U5A9VJT6Q, STM32U5A9ZJT6Q, STM32U5A9ZJY6QTR, STM32U5F7VIT6, STM32U5F7VIT6Q, STM32U5F7VJT6, STM32U5F7VJT6Q, STM32U5F9BJY6QTR, STM32U5F9NJH6Q, STM32U5F9VIT6Q, STM32U5F9VJT6Q, STM32U5F9ZIJ6QTR, STM32U5F9ZIT6Q, STM32U5F9ZJJ6QTR, STM32U5F9ZJT6Q, STM32U5G7VJT6, STM32U5G7VJT6Q, STM32U5G9BJY6QTR, STM32U5G9J-DK1, STM32U5G9J-DK2, STM32U5G9NJH6Q, STM32U5G9VJT6Q, STM32U5G9ZJJ6QTR, STM32U5G9ZJT6Q, STM32WB05KZV6TR, STM32WB05KZV7TR, STM32WB05TZF6TR, STM32WB05TZF7TR, STM32WB06CCF6TR, STM32WB06CCF7TR, STM32WB06CCV6TR, STM32WB06CCV7TR, STM32WB06KCV6TR, STM32WB06KCV7TR, STM32WB07CCF6TR, STM32WB07CCF7TR, STM32WB07CCV6TR, STM32WB07CCV7TR, STM32WB07KCV6TR, STM32WB07KCV7TR, STM32WB09KEV6TR, STM32WB09KEV7TR, STM32WB09TEF6TR, STM32WB09TEF7TR, STM32WB1MMCH6, STM32WBA50KGU6, STM32WBA50KGU6TR, STM32WBA52CEU6, STM32WBA52CEU6TR, STM32WBA52CEU7, STM32WBA52CEU7TR, STM32WBA52CGU6, STM32WBA52CGU6TR, STM32WBA52CGU6U, STM32WBA52CGU7, STM32WBA52CGU7TR, STM32WBA52KEU6, STM32WBA52KEU6TR, STM32WBA52KGU6, STM32WBA52KGU6TR, STM32WBA54CEU6, STM32WBA54CEU6TR, STM32WBA54CEU7, STM32WBA54CEU7TR, STM32WBA54CGU6, STM32WBA54CGU6TR, STM32WBA54CGU7, STM32WBA54CGU7TR, STM32WBA54KEU6, STM32WBA54KEU6TR, STM32WBA54KEU7, STM32WBA54KEU7TR, STM32WBA54KGU6, STM32WBA54KGU6TR, STM32WBA54KGU7, STM32WBA54KGU7TR, STM32WBA55CEU6, STM32WBA55CEU6TR, STM32WBA55CEU7, STM32WBA55CEU7TR, STM32WBA55CGU6, STM32WBA55CGU6TR, STM32WBA55CGU6U, STM32WBA55CGU7, STM32WBA55CGU7TR, STM32WBA55G-DK1, STM32WBA55HEF6, STM32WBA55HEF7, STM32WBA55HGF6, STM32WBA55HGF7, STM32WBA55UEI6, STM32WBA55UEI6TR, STM32WBA55UEI7, STM32WBA55UEI7TR, STM32WBA55UGI6, STM32WBA55UGI6TR, STM32WBA55UGI7, STM32WBA55UGI7TR, STM32WBA5MMGH6TR, STM32WBA62MGF6, STM32WBA62MIF6, STM32WBA65MGF7, STM32WBA65MIF6, STM32WBA65MIF7, STM32WL30K8V6, STM32WL30KBV6, STM32WL31C8V6, STM32WL31CBV6, STM32WL31K8V6, STM32WL31KBV6, STM32WL33C8V6, STM32WL33C8V6X, STM32WL33CBV6, STM32WL33CBV6X, STM32WL33CCV6, STM32WL33CCV6A, STM32WL33CCV6X, STM32WL33K8V7, STM32WL33K8V7X, STM32WL33KBV7 , STM32WL33KBV7X, STM32WL33KCV7, STM32WL33KCV7X, STM32WL5MOCH6, STM32WL5MOCH6TR]
2026-04-22 13:50:51,034 [INFO] BoardInfo:889 - No configuration file found for board NUCLEO-H5E5ZJ
2026-04-22 13:50:51,039 [INFO] DbBoards:161 - Board is not supported: NUCLEO-H5E5ZJ
2026-04-22 13:50:51,338 [INFO] BoardInfo:889 - No configuration file found for board NUCLEO-U3C5ZI-Q
2026-04-22 13:50:51,343 [INFO] DbBoards:161 - Board is not supported: NUCLEO-U3C5ZI-Q
2026-04-22 13:50:51,419 [INFO] BoardInfo:889 - No configuration file found for board NUCLEO-WBA25CE1
2026-04-22 13:50:51,424 [INFO] DbBoards:161 - Board is not supported: NUCLEO-WBA25CE1
2026-04-22 13:50:51,467 [INFO] BoardInfo:889 - No configuration file found for board NUCLEO-WL3RKB1
2026-04-22 13:50:51,471 [INFO] DbBoards:161 - Board is not supported: NUCLEO-WL3RKB1
2026-04-22 13:50:51,474 [INFO] BoardInfo:889 - No configuration file found for board NUCLEO-WL3RKB2
2026-04-22 13:50:51,478 [INFO] DbBoards:161 - Board is not supported: NUCLEO-WL3RKB2
2026-04-22 13:50:51,512 [INFO] BoardInfo:889 - No configuration file found for board P-NUCLEO-WB55
2026-04-22 13:50:51,518 [INFO] DbBoards:161 - Kit is not supported: P-NUCLEO-WB55
2026-04-22 13:50:51,544 [INFO] BoardInfo:889 - No configuration file found for board STEVAL-BFA001V1B
2026-04-22 13:50:51,549 [INFO] DbBoards:161 - Kit is not supported: STEVAL-BFA001V1B
2026-04-22 13:50:51,552 [INFO] BoardInfo:889 - No configuration file found for board STEVAL-BFA001V2B
2026-04-22 13:50:51,557 [INFO] DbBoards:161 - Kit is not supported: STEVAL-BFA001V2B
2026-04-22 13:50:52,010 [INFO] BoardInfo:889 - No configuration file found for board STM32H5F5J-DK
2026-04-22 13:50:52,016 [INFO] DbBoards:161 - Board is not supported: STM32H5F5J-DK
2026-04-22 13:50:52,355 [INFO] DbBoards:168 - Found 218 boards, 209 are supported
2026-04-22 13:50:52,355 [INFO] DbBoards:169 - Found 218 boards, 43 of them is supported for  Bsp
2026-04-22 13:50:52,372 [INFO] ApiDb:423 - Load user favorites file C:\Users\marin/.stm32cubeide/favorites.boards.txt: 0 item(s)
2026-04-22 13:50:52,373 [INFO] ApiDb:427 - User favorites Boards=[]
2026-04-22 13:50:52,374 [INFO] DbBoards:198 - Set 0 / 0 favorites Boards
2026-04-22 13:50:52,381 [INFO] ApiDb:668 - CubeFinder database Data Model version=2.1
2026-04-22 13:50:52,382 [INFO] ApiDb:669 - CubeFinder database Configuration version=3.0.42
2026-04-22 13:50:52,382 [INFO] ApiDb:670 - CubeFinder database generation date=2026-03-11 (1773229989)
2026-04-22 13:50:52,382 [INFO] ApiDb:671 - CubeFinder database FW Pack versions=[FP-ATR-ASTRA1_V2.0.0, FP-SNS-FLIGHT1_V5.1.0, FP-SNS-MOTENV1_V5.1.0, FP-SNS-MOTENVWB1_V1.5.0, FP-SNS-SMARTAG2_V1.2.0, FP-SNS-STBOX1_V2.1.0, STM32Cube_FW_C0_V1.4.0, STM32Cube_FW_F4_V1.28.3, STM32Cube_FW_F7_V1.17.4, STM32Cube_FW_G0_V1.6.3, STM32Cube_FW_G4_V1.6.2, STM32Cube_FW_H5_V1.6.0, STM32Cube_FW_H7RS_V1.3.0, STM32Cube_FW_H7_V1.13.0, STM32Cube_FW_L0_V1.12.2, STM32Cube_FW_L4_V1.18.2, STM32Cube_FW_L5_V1.6.0, STM32Cube_FW_N6_V1.3.0, STM32Cube_FW_U0_V1.3.0, STM32Cube_FW_U3_V1.3.0, STM32Cube_FW_U5_V1.8.0, STM32Cube_FW_WB0_V1.4.0, STM32Cube_FW_WBA_V1.9.0, STM32Cube_FW_WB_V1.24.0, STM32Cube_FW_WL3_V1.4.0, STM32Cube_FW_WL_V1.5.0, X-CUBE-ALGOBUILD_V1.4.0, X-CUBE-ALS_V1.0.2, X-CUBE-AZRTOS-F4_V1.1.0, X-CUBE-AZRTOS-F7_V1.1.0, X-CUBE-AZRTOS-G0_V1.1.0, X-CUBE-AZRTOS-G4_V2.0.0, X-CUBE-AZRTOS-H7RS_V1.1.0, X-CUBE-AZRTOS-H7_V3.4.0, X-CUBE-AZRTOS-L4_V2.0.0, X-CUBE-AZRTOS-L5_V2.0.0, X-CUBE-AZRTOS-WB_V2.0.0, X-CUBE-AZRTOS-WL_V2.0.0, X-CUBE-BLE1_V7.1.0, X-CUBE-BLE2_V3.3.0, X-CUBE-BLEMGR_V4.1.0, X-CUBE-EEPRMA1_V5.2.0, X-CUBE-FREERTOS_V1.5.0, X-CUBE-GNSS1_V6.0.0, X-CUBE-MEMS1_V12.0.0, X-CUBE-NFC4_V3.0.0, X-CUBE-NFC7_V2.0.0, X-CUBE-SFXS2LP1_V4.0.0, X-CUBE-ST67W61_V1.2.0, X-CUBE-SUBG2_V5.0.0, X-CUBE-TOF1_V3.4.3]
2026-04-22 13:50:54,484 [ERROR] DbExamplesSqlite:437 - Missing JSON key: board_cpn
2026-04-22 13:50:54,485 [ERROR] DbExamplesSqlite:437 - Missing JSON key: board_cpn
2026-04-22 13:50:54,485 [ERROR] DbExamplesSqlite:437 - Missing JSON key: board_cpn
2026-04-22 13:50:54,486 [ERROR] DbExamplesSqlite:437 - Missing JSON key: board_cpn
2026-04-22 13:50:58,166 [ERROR] DbExamplesSqlite:437 - Missing JSON key: board_cpn
2026-04-22 13:50:58,167 [ERROR] DbExamplesSqlite:437 - Missing JSON key: board_cpn
2026-04-22 13:50:58,312 [INFO] DbExamplesSqlite:395 - Ignored 39 examples not supported by CubeIDE
2026-04-22 13:50:58,313 [INFO] DbExamplesSqlite:396 - Found 11210 examples active
2026-04-22 13:50:58,313 [INFO] DbExamplesSqlite:397 - Found 0 examples obsolete
2026-04-22 13:50:58,313 [INFO] DbExamplesSqlite:398 - Found 0 examples under development
2026-04-22 13:50:58,314 [INFO] DbExamplesSqlite:399 - Found 76 examples not building
2026-04-22 13:50:58,319 [INFO] DbExamples:125 - Found 11247 examples
2026-04-22 13:50:58,495 [ERROR] DbExamples:208 - Found 377 examples with invalid data (board or MCU)
2026-04-22 13:50:58,496 [INFO] DbExamples:222 - Found 140 boards with related examples
2026-04-22 13:50:58,499 [INFO] DbExamples:235 - Found 114 MCUs with related examples
2026-04-22 13:50:58,605 [INFO] ApiDb:423 - Load user favorites file C:\Users\marin/.stm32cubeide/favorites.examples.txt: 0 item(s)
2026-04-22 13:50:58,607 [INFO] ApiDb:427 - User favorites Examples=[]
2026-04-22 13:50:58,610 [INFO] DbExamples:250 - Set 0 / 0 favorites Examples
2026-04-22 13:50:59,302 [INFO] McuFinderGlobals:76 - Set McuFinderConnectedMode to true
2026-04-22 13:50:59,335 [INFO] MultiScanPanel:200 - Auto-refresh data requested => check proxy status ongoing
2026-04-22 13:50:59,344 [INFO] FinderPluginLoader:96 - Searching for filters in installed packs
2026-04-22 13:51:05,344 [INFO] LoadUrlFilesThread:185 - End of LoadServerUrlFiles without Thread
2026-04-22 13:51:05,377 [INFO] DetailPanel:341 - Set advertising image to C:/Users/marin/STM32Cube/Repository/\en.prom-stm32u3b5-u3c5-0426.jpg
2026-04-22 13:56:48,198 [INFO] McuFinderGlobals:76 - Set McuFinderConnectedMode to true
2026-04-22 13:56:48,203 [INFO] ApiDb:448 - Save user favorites file C:\Users\marin/.stm32cubeide/favorites.mcus.txt: 0 item(s)
2026-04-22 13:56:48,203 [INFO] ApiDb:452 - User favorites MCUs=[]
2026-04-22 14:20:49,868 [ERROR] LogOutputStream:75 - [STDERR_REDIRECT] 
